#
# A fatal error has been detected by the Java Runtime Environment:
#
#  EXCEPTION_ACCESS_VIOLATION (0xc0000005) at pc=0x00007ffbed3aec85, pid=3732, tid=10528
#
# JRE version: OpenJDK Runtime Environment Corretto-17.0.12.7.1 (17.0.12+7) (build 17.0.12+7-LTS)
# Java VM: OpenJDK 64-Bit Server VM Corretto-17.0.12.7.1 (17.0.12+7-LTS, mixed mode, sharing, tiered, compressed oops, compressed class ptrs, g1 gc, windows-amd64)
# Problematic frame:
# C  0x00007ffbed3aec85
#
# No core dump will be written. Minidumps are not enabled by default on client versions of Windows
#
# If you would like to submit a bug report, please visit:
#   https://github.com/corretto/corretto-17/issues/
# The crash happened outside the Java Virtual Machine in native code.
# See problematic frame for where to report the bug.
#

---------------  S U M M A R Y ------------

Command Line: -Dfile.encoding=UTF8 -ea -Xmx1024m 

Host: AMD Ryzen 7 5700X3D 8-Core Processor           , 16 cores, 31G,  Windows 11 , 64 bit Build 26100 (10.0.26100.4484)
Time: Fri Aug 15 22:41:16 2025 대한민국 표준시 elapsed time: 1.466260 seconds (0d 0h 0m 1s)

---------------  T H R E A D  ---------------

Current thread (0x000001c7cbf72600):  JavaThread "main" [_thread_in_native, id=10528, stack(0x000000c7a4a00000,0x000000c7a4bf0000)]

Stack: [0x000000c7a4a00000,0x000000c7a4bf0000],  sp=0x000000c7a4bdefe0,  free space=1915k
Native frames: (J=compiled Java code, j=interpreted, Vv=VM code, C=native code)
C  0x00007ffbed3aec85
C  [VCRUNTIME140_1.dll+0x41d0]
C  [VCRUNTIME140_1.dll+0x258f]
C  [ntdll.dll+0x126296]
C  0x00007ffbed37b8c2
C  0x00007ffbed3afc56
C  [VCRUNTIME140_1.dll+0x41d0]
C  [VCRUNTIME140_1.dll+0x258f]
C  [ntdll.dll+0x126296]
C  0x00007ffbed38ca62
C  0x00007ffbed3afcd6
C  [VCRUNTIME140_1.dll+0x41d0]
C  [VCRUNTIME140_1.dll+0x258f]
C  [ntdll.dll+0x126296]
C  0x00007ffbed38cad1
C  0x000001c7dc3fd6e1

The last pc belongs to method entry point (kind = native) (printed below).
Java frames: (J=compiled Java code, j=interpreted, Vv=VM code)
j  org.jpype.manager.TypeFactoryNative.newWrapper(JJ)V+0
j  org.jpype.JPypeContext.newWrapper(J)V+16
v  ~StubRoutines::call_stub
j  org.jpype.manager.TypeFactoryNative.newWrapper(JJ)V+0
j  org.jpype.JPypeContext.newWrapper(J)V+16
v  ~StubRoutines::call_stub

siginfo: EXCEPTION_ACCESS_VIOLATION (0xc0000005), writing address 0x0000000000000000


Registers:
RAX=0x0000000000000000, RBX=0x000000c7a4be0a40, RCX=0x4c143727d3590000, RDX=0x0000000000000000
RSP=0x000000c7a4bdefe0, RBP=0x000000c7a4be3810, RSI=0x000000c7a4be1230, RDI=0x000000c7a4bdfdd0
R8 =0x000001c7fefa5a00, R9 =0x000000c7a4bdeeb0, R10=0x000001c7fefa0000, R11=0x000000c7a4bdee30
R12=0x000000c7a4bdf0b0, R13=0x000000c7a4be76b0, R14=0x000000c7a4bdff38, R15=0x0000000000000000
RIP=0x00007ffbed3aec85, EFLAGS=0x0000000000010246


Register to memory mapping:

RIP=0x00007ffbed3aec85 points into unknown readable memory: 89 00 48
RAX=0x0 is NULL
RBX=0x000000c7a4be0a40 is pointing into the stack for thread: 0x000001c7cbf72600
RCX=0x4c143727d3590000 is an unknown value
RDX=0x0 is NULL
RSP=0x000000c7a4bdefe0 is pointing into the stack for thread: 0x000001c7cbf72600
RBP=0x000000c7a4be3810 is pointing into the stack for thread: 0x000001c7cbf72600
RSI=0x000000c7a4be1230 is pointing into the stack for thread: 0x000001c7cbf72600
RDI=0x000000c7a4bdfdd0 is pointing into the stack for thread: 0x000001c7cbf72600
R8 =0x000001c7fefa5a00 points into unknown readable memory: 0x000001c7fefa0f90 | 90 0f fa fe c7 01 00 00
R9 =0x000000c7a4bdeeb0 is pointing into the stack for thread: 0x000001c7cbf72600
R10=0x000001c7fefa0000 points into unknown readable memory: 0x0000000000000000 | 00 00 00 00 00 00 00 00
R11=0x000000c7a4bdee30 is pointing into the stack for thread: 0x000001c7cbf72600
R12=0x000000c7a4bdf0b0 is pointing into the stack for thread: 0x000001c7cbf72600
R13=0x000000c7a4be76b0 is pointing into the stack for thread: 0x000001c7cbf72600
R14=0x000000c7a4bdff38 is pointing into the stack for thread: 0x000001c7cbf72600
R15=0x0 is NULL


Top of Stack: (sp=0x000000c7a4bdefe0)
0x000000c7a4bdefe0:   000000c7a4be0a40 00007ffd6d4c9300
0x000000c7a4bdeff0:   000000c7a4be3810 000000c7a4be0a40
0x000000c7a4bdf000:   000000c7a4bdf620 00007ffd6b3741d0
0x000000c7a4bdf010:   00007ffbed3aec20 000000c7a4be3810
0x000000c7a4bdf020:   000000c7a4be3810 00007ffd6d4c92e0
0x000000c7a4bdf030:   000000c7a4be0a40 00007ffd6b37258f
0x000000c7a4bdf040:   00007ffbed3aec20 000000c7a4bdff38
0x000000c7a4bdf050:   0000000000000100 000001c7dc43e900
0x000000c7a4bdf060:   000001c700000000 0000000000000000
0x000000c7a4bdf070:   000000c7a4be7ea0 0000000000000000
0x000000c7a4bdf080:   000000c7a4bdf0b0 000000c7a4be76b0
0x000000c7a4bdf090:   00007ffbed3aec20 000000c7a4be1230
0x000000c7a4bdf0a0:   00007ffbed37b90e 00007ffbed360000
0x000000c7a4bdf0b0:   000000c7a4be36c0 000000c7a4be3950
0x000000c7a4bdf0c0:   000000c7a4be3810 00007ffbed360000
0x000000c7a4bdf0d0:   000000c7a4be02f0 000000c7a4bf0000
0x000000c7a4bdf0e0:   000000c7a4bdf5d0 000000c7a4be07c0
0x000000c7a4bdf0f0:   00007ffd6b372490 00007ffd842a6296
0x000000c7a4bdf100:   0000000000000001 0000000000000005
0x000000c7a4bdf110:   000000c700000000 000000c7a4be1230
0x000000c7a4bdf120:   000000c7a4be25f0 00007ffbed360000
0x000000c7a4bdf130:   00001fa00010000f 0053002b002b0033
0x000000c7a4bdf140:   00000206002b002b 0000000000000000
0x000000c7a4bdf150:   0000000000000000 0002ffff00001fa0
0x000000c7a4bdf160:   0000000000000000 0000000000000000
0x000000c7a4bdf170:   0000000000000000 0000000000000000
0x000000c7a4bdf180:   000000c7a4be02f0 0000000000000000
0x000000c7a4bdf190:   0000000000000001 000000c7a4be3810
0x000000c7a4bdf1a0:   000000c7a4be5c10 000000c7a4bec600
0x000000c7a4bdf1b0:   000001c7cbf728b8 0000000000100000
0x000000c7a4bdf1c0:   0000000000000001 000000000010000b
0x000000c7a4bdf1d0:   000000c7a4bdf6d0 000000c7a4be3950 

Instructions: (pc=0x00007ffbed3aec85)
0x00007ffbed3aeb85:   8d 55 58 48 8d 4d 38 e8 3f df fc ff 48 8d 15 90
0x00007ffbed3aeb95:   8c 00 00 48 8b 0d c9 5a 00 00 48 8b 09 ff 15 90
0x00007ffbed3aeba5:   5b 00 00 90 48 b8 01 00 00 00 00 00 00 00 48 83
0x00007ffbed3aebb5:   c4 38 5d 5b c3 cc cc cc cc cc cc 48 89 54 24 10
0x00007ffbed3aebc5:   55 48 83 ec 30 48 8b ea 41 b9 74 01 00 00 4c 8d
0x00007ffbed3aebd5:   05 3e 8b 00 00 48 8d 15 5f 8c 00 00 48 8d 4d 40
0x00007ffbed3aebe5:   e8 b6 29 fb ff 48 8b d0 48 8b 8d 80 01 00 00 e8
0x00007ffbed3aebf5:   77 b5 fc ff 33 d2 33 c9 e8 c6 e0 ff ff 90 cc cc
0x00007ffbed3aec05:   cc cc cc cc cc cc cc cc cc cc cc 48 8d 8a 70 00
0x00007ffbed3aec15:   00 00 e9 54 4f fe ff cc cc cc cc 48 89 54 24 10
0x00007ffbed3aec25:   55 48 83 ec 20 48 8b ea f6 05 c4 1a 02 00 01 74
0x00007ffbed3aec35:   0c 48 8d 15 83 8b 00 00 e8 7e d9 fd ff 48 8b 45
0x00007ffbed3aec45:   20 48 8b 48 28 0f 10 09 f2 0f 10 41 10 f2 0f 11
0x00007ffbed3aec55:   45 40 8b 45 40 89 45 70 66 0f d6 4d 78 66 0f 73
0x00007ffbed3aec65:   d9 08 66 0f d6 8d 80 00 00 00 4c 8d 45 70 48 8d
0x00007ffbed3aec75:   55 78 48 8d 8d 80 00 00 00 e8 4d de fc ff 33 c0
0x00007ffbed3aec85:   89 00 48 b8 00 00 00 00 00 00 00 00 48 83 c4 20
0x00007ffbed3aec95:   5d c3 cc cc cc cc cc cc cc cc cc 48 89 54 24 10
0x00007ffbed3aeca5:   55 48 83 ec 20 48 8b ea f6 05 44 1a 02 00 01 74
0x00007ffbed3aecb5:   0c 48 8d 15 03 8b 00 00 e8 fe d8 fd ff 33 c0 89
0x00007ffbed3aecc5:   00 48 b8 00 00 00 00 00 00 00 00 48 83 c4 20 5d
0x00007ffbed3aecd5:   c3 cc cc cc cc cc cc cc cc cc cc 48 89 54 24 10
0x00007ffbed3aece5:   55 48 83 ec 20 48 8b ea 41 b9 b8 01 00 00 4c 8d
0x00007ffbed3aecf5:   05 1e 8a 00 00 48 8d 15 5f 8b 00 00 48 8d 4d 30
0x00007ffbed3aed05:   e8 96 28 fb ff 48 8b d0 48 8b 4d 28 e8 5a b4 fc
0x00007ffbed3aed15:   ff 33 d2 33 c9 e8 a9 df ff ff 90 48 8d 8a 78 00
0x00007ffbed3aed25:   00 00 e9 34 3a fe ff cc cc cc cc 48 8d 8a 80 00
0x00007ffbed3aed35:   00 00 e9 24 3a fe ff cc cc cc cc 48 8d 8a 10 01
0x00007ffbed3aed45:   00 00 e9 d4 3b fb ff cc cc cc cc 48 8d 8a b0 00
0x00007ffbed3aed55:   00 00 e9 c4 3b fb ff cc cc cc cc 48 8d 8a 40 00
0x00007ffbed3aed65:   00 00 e9 84 2e fb ff cc cc cc cc 48 8d 8a 40 01
0x00007ffbed3aed75:   00 00 e9 a4 3b fb ff cc cc cc cc 40 55 48 83 ec 


Stack slot to memory mapping:
stack at sp + 0 slots: 0x000000c7a4be0a40 is pointing into the stack for thread: 0x000001c7cbf72600
stack at sp + 1 slots: 0x00007ffd6d4c9300 VCRUNTIME140.dll
stack at sp + 2 slots: 0x000000c7a4be3810 is pointing into the stack for thread: 0x000001c7cbf72600
stack at sp + 3 slots: 0x000000c7a4be0a40 is pointing into the stack for thread: 0x000001c7cbf72600
stack at sp + 4 slots: 0x000000c7a4bdf620 is pointing into the stack for thread: 0x000001c7cbf72600
stack at sp + 5 slots: 0x00007ffd6b3741d0 VCRUNTIME140_1.dll
stack at sp + 6 slots: 0x00007ffbed3aec20 points into unknown readable memory: 0x8348551024548948 | 48 89 54 24 10 55 48 83
stack at sp + 7 slots: 0x000000c7a4be3810 is pointing into the stack for thread: 0x000001c7cbf72600

method entry point (kind = native)  [0x000001c7dc3fd300, 0x000001c7dc3fdc80]  2432 bytes
[MachCode]
  0x000001c7dc3fd300: 488b 4b08 | 0fb7 492c | 584c 8d74 | ccf8 6800 | 0000 0068 | 0000 0000 | 5055 488b | ec41 5568 
  0x000001c7dc3fd320: 0000 0000 | 4c8b 6b08 | 4d8d 6d30 | 5348 8b53 | 0848 8b52 | 0848 8b52 | 1848 8b52 | 7048 8b12 
  0x000001c7dc3fd340: 5248 8b53 | 1048 85d2 | 0f84 0700 | 0000 4881 | c208 0100 | 0052 488b | 5308 488b | 5208 488b 
  0x000001c7dc3fd360: 5210 5241 | 5668 0000 | 0000 6800 | 0000 0048 | 8924 2441 | c687 7903 | 0000 0148 | 8b43 1048 
  0x000001c7dc3fd380: 85c0 7420 | 8b88 cc00 | 0000 83c1 | 0289 88cc | 0000 0023 | 88e0 0000 | 000f 842f | 0800 00e9 
  0x000001c7dc3fd3a0: d100 0000 | 488b 4318 | 4885 c00f | 85b2 0000 | 00e8 0500 | 0000 e99b | 0000 0048 | 8bd3 488d 
  0x000001c7dc3fd3c0: 4424 084c | 896d c049 | 8bcf c5f8 | 7749 89af | a802 0000 | 4989 8798 | 0200 0048 | 83ec 20f7 
  0x000001c7dc3fd3e0: c40f 0000 | 000f 841a | 0000 0048 | 83ec 0849 | ba30 383f | ecfb 7f00 | 0041 ffd2 | 4883 c408 
  0x000001c7dc3fd400: e90d 0000 | 0049 ba30 | 383f ecfb | 7f00 0041 | ffd2 4883 | c420 49c7 | 8798 0200 | 0000 0000 
  0x000001c7dc3fd420: 0049 c787 | a802 0000 | 0000 0000 | 49c7 87a0 | 0200 0000 | 0000 00c5 | f877 4981 | 7f08 0000 
  0x000001c7dc3fd440: 0000 0f84 | 0500 0000 | e9b3 3aff | ff4c 8b6d | c04c 8b75 | c8c3 488b | 4318 4885 | c00f 8412 
  0x000001c7dc3fd460: 0000 008b | 4808 83c1 | 0289 4808 | 2348 200f | 8459 0700 | 0089 8424 | 0090 ffff | 41c6 8779 
  0x000001c7dc3fd480: 0300 0000 | 49ba 39b6 | bfec fb7f | 0000 4180 | 3a00 0f84 | 4200 0000 | 488b 55e8 | 498b cf48 
  0x000001c7dc3fd4a0: 83ec 20f7 | c40f 0000 | 000f 841a | 0000 0048 | 83ec 0849 | bac0 4975 | ecfb 7f00 | 0041 ffd2 
  0x000001c7dc3fd4c0: 4883 c408 | e90d 0000 | 0049 bac0 | 4975 ecfb | 7f00 0041 | ffd2 4883 | c420 488b | 5de8 4c8b 
  0x000001c7dc3fd4e0: 5b08 450f | b75b 2c41 | c1e3 0349 | 2be3 4883 | ec20 4883 | e4f0 4c8b | 5b60 4d85 | db0f 85ad 
  0x000001c7dc3fd500: 0000 00e8 | 0500 0000 | e99b 0000 | 0048 8bd3 | 488d 4424 | 084c 896d | c049 8bcf | c5f8 7749 
  0x000001c7dc3fd520: 89af a802 | 0000 4989 | 8798 0200 | 0048 83ec | 20f7 c40f | 0000 000f | 841a 0000 | 0048 83ec 
  0x000001c7dc3fd540: 0849 bab0 | 623f ecfb | 7f00 0041 | ffd2 4883 | c408 e90d | 0000 0049 | bab0 623f | ecfb 7f00 
  0x000001c7dc3fd560: 0041 ffd2 | 4883 c420 | 49c7 8798 | 0200 0000 | 0000 0049 | c787 a802 | 0000 0000 | 0000 49c7 
  0x000001c7dc3fd580: 87a0 0200 | 0000 0000 | 00c5 f877 | 4981 7f08 | 0000 0000 | 0f84 0500 | 0000 e961 | 39ff ff4c 
  0x000001c7dc3fd5a0: 8b6d c04c | 8b75 c8c3 | 488b 5de8 | 4c8b 5b60 | 41ff d348 | 8b5d e848 | 8945 1844 | 8b5b 2841 
  0x000001c7dc3fd5c0: f7c3 0800 | 0000 0f84 | 1b00 0000 | 4c8b 5b08 | 4d8b 5b08 | 4d8b 5b18 | 4d8b 5b70 | 4d8b 1b4c 
  0x000001c7dc3fd5e0: 895d 1048 | 8d55 1048 | 8b43 5849 | ba60 9875 | ecfb 7f00 | 0049 3bc2 | 0f85 ad00 | 0000 e805 
  0x000001c7dc3fd600: 0000 00e9 | 9b00 0000 | 488b d348 | 8d44 2408 | 4c89 6dc0 | 498b cfc5 | f877 4989 | afa8 0200 
  0x000001c7dc3fd620: 0049 8987 | 9802 0000 | 4883 ec20 | f7c4 0f00 | 0000 0f84 | 1a00 0000 | 4883 ec08 | 49ba b062 
  0x000001c7dc3fd640: 3fec fb7f | 0000 41ff | d248 83c4 | 08e9 0d00 | 0000 49ba | b062 3fec | fb7f 0000 | 41ff d248 
  0x000001c7dc3fd660: 83c4 2049 | c787 9802 | 0000 0000 | 0000 49c7 | 87a8 0200 | 0000 0000 | 0049 c787 | a002 0000 
  0x000001c7dc3fd680: 0000 0000 | c5f8 7749 | 817f 0800 | 0000 000f | 8405 0000 | 00e9 6638 | ffff 4c8b | 6dc0 4c8b 
  0x000001c7dc3fd6a0: 75c8 c348 | 8b5d e848 | 8b43 5849 | 8d8f b802 | 0000 c5f8 | 7749 89af | a802 0000 | 49ba b2d6 
  0x000001c7dc3fd6c0: 3fdc c701 | 0000 4d89 | 97a0 0200 | 0049 89a7 | 9802 0000 | 41c7 8748 | 0300 0004 | 0000 00ff 
  0x000001c7dc3fd6e0: d0c5 f877 | 4883 ec10 | c5fb 1104 | 2448 83ec | 1048 8904 | 2448 c744 | 2408 0000 | 0000 41c7 
  0x000001c7dc3fd700: 8748 0300 | 0005 0000 | 00f0 8344 | 24c0 0049 | 3baf 5003 | 0000 0f87 | 1100 0000 | 4181 bf38 
  0x000001c7dc3fd720: 0300 0000 | 0000 000f | 8421 0000 | 0049 8bcf | 4c8b e448 | 83ec 2048 | 83e4 f049 | ba60 6785 
  0x000001c7dc3fd740: ecfb 7f00 | 0041 ffd2 | 498b e44d | 33e4 41c7 | 8748 0300 | 0008 0000 | 0049 c787 | 9802 0000 
  0x000001c7dc3fd760: 0000 0000 | 49c7 87a8 | 0200 0000 | 0000 0049 | c787 a002 | 0000 0000 | 0000 c5f8 | 774d 8b9f 
  0x000001c7dc3fd780: d800 0000 | 41c7 8300 | 0100 0000 | 0000 0049 | bbfb af3f | dcc7 0100 | 004c 3b5d | 180f 85b9 
  0x000001c7dc3fd7a0: 0000 0048 | 8b04 2448 | 83c4 1048 | 85c0 0f84 | 9300 0000 | 48f7 c001 | 0000 000f | 8483 0000 
  0x000001c7dc3fd7c0: 0048 8b40 | ff41 807f | 3800 0f84 | 6f00 0000 | 4883 f800 | 0f84 6500 | 0000 4d8b | 5f20 4983 
  0x000001c7dc3fd7e0: fb00 0f84 | 1400 0000 | 4983 eb08 | 4d89 5f20 | 4d03 5f30 | 4989 03e9 | 4300 0000 | 5049 8bd7 
  0x000001c7dc3fd800: 488b c848 | 83ec 20f7 | c40f 0000 | 000f 841a | 0000 0048 | 83ec 0849 | ba70 5134 | ecfb 7f00 
  0x000001c7dc3fd820: 0041 ffd2 | 4883 c408 | e90d 0000 | 0049 ba70 | 5134 ecfb | 7f00 0041 | ffd2 4883 | c420 58e9 
  0x000001c7dc3fd840: 0300 0000 | 488b 0048 | 8945 1048 | 83ec 1048 | 8904 2448 | c744 2408 | 0000 0000 | 4181 bfb8 
  0x000001c7dc3fd860: 0300 0002 | 0000 000f | 85c0 0000 | 0048 81ec | 8000 0000 | 4889 4424 | 7848 894c | 2470 4889 
  0x000001c7dc3fd880: 5424 6848 | 895c 2460 | 4889 6c24 | 5048 8974 | 2448 4889 | 7c24 404c | 8944 2438 | 4c89 4c24 
  0x000001c7dc3fd8a0: 304c 8954 | 2428 4c89 | 5c24 204c | 8964 2418 | 4c89 6c24 | 104c 8974 | 2408 4c89 | 3c24 4c8b 
  0x000001c7dc3fd8c0: e448 83ec | 2048 83e4 | f049 ba40 | 7a75 ecfb | 7f00 0041 | ffd2 498b | e44c 8b3c | 244c 8b74 
  0x000001c7dc3fd8e0: 2408 4c8b | 6c24 104c | 8b64 2418 | 4c8b 5c24 | 204c 8b54 | 2428 4c8b | 4c24 304c | 8b44 2438 
  0x000001c7dc3fd900: 488b 7c24 | 4048 8b74 | 2448 488b | 6c24 5048 | 8b5c 2460 | 488b 5424 | 6848 8b4c | 2470 488b 
  0x000001c7dc3fd920: 4424 7848 | 81c4 8000 | 0000 4d33 | e448 8b5d | e84c 8b6b | 084d 8d6d | 3049 817f | 0800 0000 
  0x000001c7dc3fd940: 000f 84be | 0000 00e8 | 0500 0000 | e998 0000 | 0048 8d44 | 2408 4c89 | 6dc0 498b | cfc5 f877 
  0x000001c7dc3fd960: 4989 afa8 | 0200 0049 | 8987 9802 | 0000 4883 | ec20 f7c4 | 0f00 0000 | 0f84 1a00 | 0000 4883 
  0x000001c7dc3fd980: ec08 49ba | d080 3fec | fb7f 0000 | 41ff d248 | 83c4 08e9 | 0d00 0000 | 49ba d080 | 3fec fb7f 
  0x000001c7dc3fd9a0: 0000 41ff | d248 83c4 | 2049 c787 | 9802 0000 | 0000 0000 | 49c7 87a8 | 0200 0000 | 0000 0049 
  0x000001c7dc3fd9c0: c787 a002 | 0000 0000 | 0000 c5f8 | 7749 817f | 0800 0000 | 000f 8405 | 0000 00e9 | 2035 ffff 
  0x000001c7dc3fd9e0: 4c8b 6dc0 | 4c8b 75c8 | c348 b930 | ca99 ecfb | 7f00 0048 | 83e4 f049 | ba40 4862 | ecfb 7f00 
  0x000001c7dc3fda00: 0041 ffd2 | f444 8b5b | 2841 f7c3 | 2000 0000 | 0f84 3f01 | 0000 488d | 55a8 4c8b | 5a08 4d85 
  0x000001c7dc3fda20: db0f 85be | 0000 00e8 | 0500 0000 | e998 0000 | 0048 8d44 | 2408 4c89 | 6dc0 498b | cfc5 f877 
  0x000001c7dc3fda40: 4989 afa8 | 0200 0049 | 8987 9802 | 0000 4883 | ec20 f7c4 | 0f00 0000 | 0f84 1a00 | 0000 4883 
  0x000001c7dc3fda60: ec08 49ba | f07f 3fec | fb7f 0000 | 41ff d248 | 83c4 08e9 | 0d00 0000 | 49ba f07f | 3fec fb7f 
  0x000001c7dc3fda80: 0000 41ff | d248 83c4 | 2049 c787 | 9802 0000 | 0000 0000 | 49c7 87a8 | 0200 0000 | 0000 0049 
  0x000001c7dc3fdaa0: c787 a002 | 0000 0000 | 0000 c5f8 | 7749 817f | 0800 0000 | 000f 8405 | 0000 00e9 | 4034 ffff 
  0x000001c7dc3fdac0: 4c8b 6dc0 | 4c8b 75c8 | c348 b930 | ca99 ecfb | 7f00 0048 | 83e4 f049 | ba40 4862 | ecfb 7f00 
  0x000001c7dc3fdae0: 0041 ffd2 | f44c 896d | c048 8d02 | 4c8b 4a08 | 48c7 4208 | 0000 0000 | 4c8b 004d | 85c0 0f84 
  0x000001c7dc3fdb00: 4d00 0000 | f04d 0fb1 | 010f 8442 | 0000 004c | 894a 0848 | 8bca 4883 | ec20 f7c4 | 0f00 0000 
  0x000001c7dc3fdb20: 0f84 1a00 | 0000 4883 | ec08 49ba | 2052 3fec | fb7f 0000 | 41ff d248 | 83c4 08e9 | 0d00 0000 
  0x000001c7dc3fdb40: 49ba 2052 | 3fec fb7f | 0000 41ff | d248 83c4 | 204c 8b6d | c049 ba39 | b6bf ecfb | 7f00 0041 
  0x000001c7dc3fdb60: 803a 000f | 8442 0000 | 0048 8b55 | e849 8bcf | 4883 ec20 | f7c4 0f00 | 0000 0f84 | 1a00 0000 
  0x000001c7dc3fdb80: 4883 ec08 | 49ba c049 | 75ec fb7f | 0000 41ff | d248 83c4 | 08e9 0d00 | 0000 49ba | c049 75ec 
  0x000001c7dc3fdba0: fb7f 0000 | 41ff d248 | 83c4 2048 | 8b04 2448 | 83c4 10c5 | fb10 0424 | 4883 c410 | 4c8b 5d18 
  0x000001c7dc3fdbc0: 41ff d34c | 8b5d f8c9 | 5f49 8be3 | ffe7 ba00 | 0000 00e8 | 0500 0000 | e998 0000 | 0048 8d44 
  0x000001c7dc3fdbe0: 2408 4c89 | 6dc0 498b | cfc5 f877 | 4989 afa8 | 0200 0049 | 8987 9802 | 0000 4883 | ec20 f7c4 
  0x000001c7dc3fdc00: 0f00 0000 | 0f84 1a00 | 0000 4883 | ec08 49ba | 2043 3fec | fb7f 0000 | 41ff d248 | 83c4 08e9 
  0x000001c7dc3fdc20: 0d00 0000 | 49ba 2043 | 3fec fb7f | 0000 41ff | d248 83c4 | 2049 c787 | 9802 0000 | 0000 0000 
  0x000001c7dc3fdc40: 49c7 87a8 | 0200 0000 | 0000 0049 | c787 a002 | 0000 0000 | 0000 c5f8 | 7749 817f | 0800 0000 
  0x000001c7dc3fdc60: 000f 8405 | 0000 00e9 | 9432 ffff | 4c8b 6dc0 | 4c8b 75c8 | c348 8b5d | e8e9 f7f7 | ffff 6690 
[/MachCode]

---------------  P R O C E S S  ---------------

Threads class SMR info:
_java_thread_list=0x000001c7f2f7d2b0, length=22, elements={
0x000001c7cbf72600, 0x000001c7cbf73a40, 0x000001c7cbf73f50, 0x000001c7cbf74e80,
0x000001c7cbf74460, 0x000001c7cbf74970, 0x000001c7cbf716d0, 0x000001c7ac3afd50,
0x000001c7ac3b0d40, 0x000001c7cbf77700, 0x000001c7ac3b2280, 0x000001c7cbf78630,
0x000001c7cbf76ce0, 0x000001c7ac3b1290, 0x000001c7ac3b1d30, 0x000001c7ac3af2b0,
0x000001c7ac3b3270, 0x000001c7ac3b37c0, 0x000001c7f00182c0, 0x000001c7f001ad40,
0x000001c7f0018810, 0x000001c7cbf758a0
}

Java Threads: ( => current thread )
=>0x000001c7cbf72600 JavaThread "main" [_thread_in_native, id=10528, stack(0x000000c7a4a00000,0x000000c7a4bf0000)]
  0x000001c7cbf73a40 JavaThread "Reference Handler" daemon [_thread_blocked, id=7488, stack(0x000000c7a9780000,0x000000c7a9970000)]
  0x000001c7cbf73f50 JavaThread "Finalizer" daemon [_thread_blocked, id=24372, stack(0x000000c7a9970000,0x000000c7a9b60000)]
  0x000001c7cbf74e80 JavaThread "Signal Dispatcher" daemon [_thread_blocked, id=11052, stack(0x000000c7a9b60000,0x000000c7a9d50000)]
  0x000001c7cbf74460 JavaThread "Attach Listener" daemon [_thread_blocked, id=20192, stack(0x000000c7a9d50000,0x000000c7a9f40000)]
  0x000001c7cbf74970 JavaThread "Service Thread" daemon [_thread_blocked, id=9012, stack(0x000000c7a9f40000,0x000000c7aa130000)]
  0x000001c7cbf716d0 JavaThread "Monitor Deflation Thread" daemon [_thread_blocked, id=13024, stack(0x000000c7aa130000,0x000000c7aa320000)]
  0x000001c7ac3afd50 JavaThread "C2 CompilerThread0" daemon [_thread_blocked, id=8808, stack(0x000000c7aa320000,0x000000c7aa510000)]
  0x000001c7ac3b0d40 JavaThread "C1 CompilerThread0" daemon [_thread_blocked, id=11908, stack(0x000000c7aa510000,0x000000c7aa700000)]
  0x000001c7cbf77700 JavaThread "Sweeper thread" daemon [_thread_blocked, id=18064, stack(0x000000c7aa700000,0x000000c7aa8f0000)]
  0x000001c7ac3b2280 JavaThread "C1 CompilerThread1" daemon [_thread_blocked, id=25356, stack(0x000000c7aa8f0000,0x000000c7aaae0000)]
  0x000001c7cbf78630 JavaThread "Notification Thread" daemon [_thread_blocked, id=27100, stack(0x000000c7aaae0000,0x000000c7aacd0000)]
  0x000001c7cbf76ce0 JavaThread "Common-Cleaner" daemon [_thread_blocked, id=26588, stack(0x000000c7aaec0000,0x000000c7ab0b0000)]
  0x000001c7ac3b1290 JavaThread "C1 CompilerThread2" daemon [_thread_blocked, id=11060, stack(0x000000c7abc50000,0x000000c7abe40000)]
  0x000001c7ac3b1d30 JavaThread "C1 CompilerThread3" daemon [_thread_blocked, id=25204, stack(0x000000c7abe40000,0x000000c7ac030000)]
  0x000001c7ac3af2b0 JavaThread "C2 CompilerThread1" daemon [_thread_blocked, id=2160, stack(0x000000c7ac030000,0x000000c7ac220000)]
  0x000001c7ac3b3270 JavaThread "C2 CompilerThread2" daemon [_thread_blocked, id=23232, stack(0x000000c7ac220000,0x000000c7ac410000)]
  0x000001c7ac3b37c0 JavaThread "C2 CompilerThread3" daemon [_thread_blocked, id=27376, stack(0x000000c7ac410000,0x000000c7ac600000)]
  0x000001c7f00182c0 JavaThread "C2 CompilerThread4" daemon [_thread_blocked, id=4948, stack(0x000000c7ac600000,0x000000c7ac7f0000)]
  0x000001c7f001ad40 JavaThread "C2 CompilerThread5" daemon [_thread_blocked, id=18060, stack(0x000000c7ac7f0000,0x000000c7ac9e0000)]
  0x000001c7f0018810 JavaThread "C2 CompilerThread6" daemon [_thread_blocked, id=3888, stack(0x000000c7ac9e0000,0x000000c7acbd0000)]
  0x000001c7cbf758a0 JavaThread "SIGINT handler" daemon [_thread_blocked, id=10152, stack(0x000000c7ad960000,0x000000c7adb50000)]

Other Threads:
  0x000001c7a6672a50 VMThread "VM Thread" [stack: 0x000000c7a9590000,0x000000c7a9780000] [id=12100] _threads_hazard_ptr=0x000001c7f2f7d2b0
  0x000001c7ac682c80 GCTaskThread "GC Thread#0" [stack: 0x000000c7a8be0000,0x000000c7a8dd0000] [id=2992]
  0x000001c7ac682f40 GCTaskThread "GC Thread#1" [stack: 0x000000c7ab2a0000,0x000000c7ab490000] [id=10460]
  0x000001c7ac684800 GCTaskThread "GC Thread#2" [stack: 0x000000c7ab490000,0x000000c7ab680000] [id=660]
  0x000001c7ac683200 GCTaskThread "GC Thread#3" [stack: 0x000000c7ab680000,0x000000c7ab870000] [id=13152]
  0x000001c7ac681100 GCTaskThread "GC Thread#4" [stack: 0x000000c7ab870000,0x000000c7aba60000] [id=688]
  0x000001c7eac6abc0 GCTaskThread "GC Thread#5" [stack: 0x000000c7aba60000,0x000000c7abc50000] [id=17920]
  0x000001c7eac68d80 GCTaskThread "GC Thread#6" [stack: 0x000000c7acdc0000,0x000000c7acfb0000] [id=7572]
  0x000001c7eac69880 GCTaskThread "GC Thread#7" [stack: 0x000000c7acfb0000,0x000000c7ad1a0000] [id=12980]
  0x000001c7eac6c480 GCTaskThread "GC Thread#8" [stack: 0x000000c7acbd0000,0x000000c7acdc0000] [id=13788]
  0x000001c7cbf80680 ConcurrentGCThread "G1 Main Marker" terminated
  0x000001c7ac681ec0 ConcurrentGCThread "G1 Conc#0" [stack: 0x000000c7a8fc0000,0x000000c7a91b0000] [id=17508]
  0x000001c7eac6bf00 ConcurrentGCThread "G1 Conc#1" [stack: 0x000000c7ad1a0000,0x000000c7ad390000] [id=16688]
  0x000001c7eac6a380 ConcurrentGCThread "G1 Conc#2" [stack: 0x000000c7ad390000,0x000000c7ad580000] [id=4316]
  0x000001c7ac19d8e0 ConcurrentGCThread "G1 Refine#0" terminated
  0x000001c7ac19c160 ConcurrentGCThread "G1 Refine#1" terminated
  0x000001c7ac19ea80 ConcurrentGCThread "G1 Refine#2" terminated
  0x000001c7a931e6c0 ConcurrentGCThread "G1 Service" terminated

Threads with active compile tasks:
C2 CompilerThread0     1824 2732       4       java.lang.reflect.Method::<init> (68 bytes)
C2 CompilerThread5     1824 2380       4       org.openkoreantext.processor.util.KoreanConjugation$::$anonfun$conjugatePredicated$1 (4900 bytes)
C2 CompilerThread6     1825 2731       4       java.lang.reflect.Method::copy (84 bytes)

VM state: at safepoint (normal execution)

VM Mutex/Monitor currently owned by a thread:  ([mutex/lock_event])
[0x000001c7a95bf700] Threads_lock - owner thread: 0x000001c7a6672a50
[0x000001c7a95c1050] Heap_lock - owner thread: 0x000001c7cbf758a0

Heap address: 0x00000000c0000000, size: 1024 MB, Compressed Oops mode: 32-bit

CDS archive(s) mapped at: [0x000001c800000000-0x000001c800bb0000-0x000001c800bb0000), size 12255232, SharedBaseAddress: 0x000001c800000000, ArchiveRelocationMode: 1.
Compressed class space mapped at: 0x000001c801000000-0x000001c841000000, reserved size: 1073741824
Narrow klass base: 0x000001c800000000, Narrow klass shift: 0, Narrow klass range: 0x100000000

GC Precious Log:
 CPUs: 16 total, 16 available
 Memory: 32694M
 Large Page Support: Disabled
 NUMA Support: Disabled
 Compressed Oops: Enabled (32-bit)
 Heap Region Size: 1M
 Heap Min Capacity: 8M
 Heap Initial Capacity: 512M
 Heap Max Capacity: 1G
 Pre-touch: Disabled
 Parallel Workers: 13
 Concurrent Workers: 3
 Concurrent Refinement Workers: 13
 Periodic GC: Disabled

Heap:
 garbage-first heap   total 106496K, used 62581K [0x00000000c0000000, 0x0000000100000000)
  region size 1024K, 13 young (13312K), 2 survivors (2048K)
 Metaspace       used 9677K, committed 9920K, reserved 1114112K
  class space    used 1446K, committed 1600K, reserved 1048576K

Heap Regions: E=young(eden), S=young(survivor), O=old, HS=humongous(starts), HC=humongous(continues), CS=collection set, F=free, OA=open archive, CA=closed archive, TAMS=top-at-mark-start (previous, next)
|   0|0x00000000c0000000, 0x00000000c00fffe8, 0x00000000c0100000| 99%| O|  |TAMS 0x00000000c00fffe8, 0x00000000c0000000| Untracked 
|   1|0x00000000c0100000, 0x00000000c0200000, 0x00000000c0200000|100%| O|  |TAMS 0x00000000c0200000, 0x00000000c0100000| Untracked 
|   2|0x00000000c0200000, 0x00000000c02ffff0, 0x00000000c0300000| 99%| O|  |TAMS 0x00000000c02ffff0, 0x00000000c0200000| Untracked 
|   3|0x00000000c0300000, 0x00000000c0400000, 0x00000000c0400000|100%| O|  |TAMS 0x00000000c0400000, 0x00000000c0300000| Untracked 
|   4|0x00000000c0400000, 0x00000000c04fffc0, 0x00000000c0500000| 99%| O|  |TAMS 0x00000000c04fffc0, 0x00000000c0400000| Untracked 
|   5|0x00000000c0500000, 0x00000000c05ffff8, 0x00000000c0600000| 99%| O|  |TAMS 0x00000000c05ffff8, 0x00000000c0500000| Untracked 
|   6|0x00000000c0600000, 0x00000000c06ffff8, 0x00000000c0700000| 99%| O|  |TAMS 0x00000000c06ffff8, 0x00000000c0600000| Untracked 
|   7|0x00000000c0700000, 0x00000000c0800000, 0x00000000c0800000|100%| O|  |TAMS 0x00000000c0800000, 0x00000000c0700000| Untracked 
|   8|0x00000000c0800000, 0x00000000c0900000, 0x00000000c0900000|100%| O|  |TAMS 0x00000000c0900000, 0x00000000c0800000| Untracked 
|   9|0x00000000c0900000, 0x00000000c0900000, 0x00000000c0a00000|  0%| F|  |TAMS 0x00000000c0900000, 0x00000000c0900000| Untracked 
|  10|0x00000000c0a00000, 0x00000000c0b00000, 0x00000000c0b00000|100%| O|  |TAMS 0x00000000c0b00000, 0x00000000c0a00000| Untracked 
|  11|0x00000000c0b00000, 0x00000000c0bffff8, 0x00000000c0c00000| 99%| O|  |TAMS 0x00000000c0bffff8, 0x00000000c0b00000| Complete 
|  12|0x00000000c0c00000, 0x00000000c0d00000, 0x00000000c0d00000|100%| O|  |TAMS 0x00000000c0d00000, 0x00000000c0c00000| Untracked 
|  13|0x00000000c0d00000, 0x00000000c0e00000, 0x00000000c0e00000|100%| O|  |TAMS 0x00000000c0e00000, 0x00000000c0d00000| Untracked 
|  14|0x00000000c0e00000, 0x00000000c0f00000, 0x00000000c0f00000|100%| O|  |TAMS 0x00000000c0f00000, 0x00000000c0e00000| Untracked 
|  15|0x00000000c0f00000, 0x00000000c1000000, 0x00000000c1000000|100%| O|  |TAMS 0x00000000c1000000, 0x00000000c0f00000| Untracked 
|  16|0x00000000c1000000, 0x00000000c1000000, 0x00000000c1100000|  0%| F|  |TAMS 0x00000000c1000000, 0x00000000c1000000| Untracked 
|  17|0x00000000c1100000, 0x00000000c1200000, 0x00000000c1200000|100%|HS|  |TAMS 0x00000000c1200000, 0x00000000c1100000| Untracked 
|  18|0x00000000c1200000, 0x00000000c1300000, 0x00000000c1300000|100%|HC|  |TAMS 0x00000000c1300000, 0x00000000c1200000| Untracked 
|  19|0x00000000c1300000, 0x00000000c1400000, 0x00000000c1400000|100%|HS|  |TAMS 0x00000000c1400000, 0x00000000c1300000| Untracked 
|  20|0x00000000c1400000, 0x00000000c1500000, 0x00000000c1500000|100%|HC|  |TAMS 0x00000000c1500000, 0x00000000c1400000| Untracked 
|  21|0x00000000c1500000, 0x00000000c1600000, 0x00000000c1600000|100%| O|  |TAMS 0x00000000c1600000, 0x00000000c1500000| Untracked 
|  22|0x00000000c1600000, 0x00000000c1600000, 0x00000000c1700000|  0%| F|  |TAMS 0x00000000c1600000, 0x00000000c1600000| Untracked 
|  23|0x00000000c1700000, 0x00000000c1800000, 0x00000000c1800000|100%|HS|  |TAMS 0x00000000c1800000, 0x00000000c1700000| Untracked 
|  24|0x00000000c1800000, 0x00000000c1900000, 0x00000000c1900000|100%|HS|  |TAMS 0x00000000c1900000, 0x00000000c1800000| Untracked 
|  25|0x00000000c1900000, 0x00000000c19ffff8, 0x00000000c1a00000| 99%| O|  |TAMS 0x00000000c19ffff8, 0x00000000c1900000| Untracked 
|  26|0x00000000c1a00000, 0x00000000c1a00000, 0x00000000c1b00000|  0%| F|  |TAMS 0x00000000c1a00000, 0x00000000c1a00000| Untracked 
|  27|0x00000000c1b00000, 0x00000000c1bffff0, 0x00000000c1c00000| 99%| O|  |TAMS 0x00000000c1bffff0, 0x00000000c1b00000| Untracked 
|  28|0x00000000c1c00000, 0x00000000c1d00000, 0x00000000c1d00000|100%| O|  |TAMS 0x00000000c1d00000, 0x00000000c1c00000| Untracked 
|  29|0x00000000c1d00000, 0x00000000c1dc4158, 0x00000000c1e00000| 76%| O|  |TAMS 0x00000000c1dc4158, 0x00000000c1d00000| Complete 
|  30|0x00000000c1e00000, 0x00000000c1e00000, 0x00000000c1f00000|  0%| F|  |TAMS 0x00000000c1e00000, 0x00000000c1e00000| Untracked 
|  31|0x00000000c1f00000, 0x00000000c1fffff8, 0x00000000c2000000| 99%| O|  |TAMS 0x00000000c1fffff8, 0x00000000c1f00000| Untracked 
|  32|0x00000000c2000000, 0x00000000c20ffff0, 0x00000000c2100000| 99%| O|  |TAMS 0x00000000c20ffff0, 0x00000000c2000000| Untracked 
|  33|0x00000000c2100000, 0x00000000c21ffff0, 0x00000000c2200000| 99%| O|  |TAMS 0x00000000c21ffff0, 0x00000000c2100000| Untracked 
|  34|0x00000000c2200000, 0x00000000c2200000, 0x00000000c2300000|  0%| F|  |TAMS 0x00000000c2200000, 0x00000000c2200000| Untracked 
|  35|0x00000000c2300000, 0x00000000c2400000, 0x00000000c2400000|100%|HS|  |TAMS 0x00000000c2400000, 0x00000000c2300000| Complete 
|  36|0x00000000c2400000, 0x00000000c2500000, 0x00000000c2500000|100%|HC|  |TAMS 0x00000000c2500000, 0x00000000c2400000| Complete 
|  37|0x00000000c2500000, 0x00000000c2600000, 0x00000000c2600000|100%|HS|  |TAMS 0x00000000c2600000, 0x00000000c2500000| Complete 
|  38|0x00000000c2600000, 0x00000000c2700000, 0x00000000c2700000|100%|HC|  |TAMS 0x00000000c2700000, 0x00000000c2600000| Complete 
|  39|0x00000000c2700000, 0x00000000c2700000, 0x00000000c2800000|  0%| F|  |TAMS 0x00000000c2700000, 0x00000000c2700000| Untracked 
|  40|0x00000000c2800000, 0x00000000c2900000, 0x00000000c2900000|100%|HS|  |TAMS 0x00000000c2900000, 0x00000000c2800000| Complete 
|  41|0x00000000c2900000, 0x00000000c2a00000, 0x00000000c2a00000|100%|HC|  |TAMS 0x00000000c2a00000, 0x00000000c2900000| Complete 
|  42|0x00000000c2a00000, 0x00000000c2b00000, 0x00000000c2b00000|100%|HS|  |TAMS 0x00000000c2b00000, 0x00000000c2a00000| Complete 
|  43|0x00000000c2b00000, 0x00000000c2c00000, 0x00000000c2c00000|100%|HC|  |TAMS 0x00000000c2c00000, 0x00000000c2b00000| Complete 
|  44|0x00000000c2c00000, 0x00000000c2d00000, 0x00000000c2d00000|100%| O|  |TAMS 0x00000000c2d00000, 0x00000000c2c00000| Untracked 
|  45|0x00000000c2d00000, 0x00000000c2e00000, 0x00000000c2e00000|100%| O|  |TAMS 0x00000000c2e00000, 0x00000000c2d00000| Untracked 
|  46|0x00000000c2e00000, 0x00000000c2f00000, 0x00000000c2f00000|100%| O|  |TAMS 0x00000000c2f00000, 0x00000000c2e00000| Untracked 
|  47|0x00000000c2f00000, 0x00000000c3000000, 0x00000000c3000000|100%| O|  |TAMS 0x00000000c3000000, 0x00000000c2f00000| Untracked 
|  48|0x00000000c3000000, 0x00000000c3100000, 0x00000000c3100000|100%| O|  |TAMS 0x00000000c30f1a00, 0x00000000c3000000| Untracked 
|  49|0x00000000c3100000, 0x00000000c3200000, 0x00000000c3200000|100%| O|  |TAMS 0x00000000c3100000, 0x00000000c3100000| Untracked 
|  50|0x00000000c3200000, 0x00000000c3300000, 0x00000000c3300000|100%| O|  |TAMS 0x00000000c3200000, 0x00000000c3200000| Untracked 
|  51|0x00000000c3300000, 0x00000000c3400000, 0x00000000c3400000|100%| O|  |TAMS 0x00000000c3300000, 0x00000000c3300000| Untracked 
|  52|0x00000000c3400000, 0x00000000c3500000, 0x00000000c3500000|100%| O|  |TAMS 0x00000000c3400000, 0x00000000c3400000| Untracked 
|  53|0x00000000c3500000, 0x00000000c3600000, 0x00000000c3600000|100%|HS|  |TAMS 0x00000000c3500000, 0x00000000c3500000| Complete 
|  54|0x00000000c3600000, 0x00000000c3600000, 0x00000000c3700000|  0%| F|  |TAMS 0x00000000c3600000, 0x00000000c3600000| Untracked 
|  55|0x00000000c3700000, 0x00000000c3700000, 0x00000000c3800000|  0%| F|  |TAMS 0x00000000c3700000, 0x00000000c3700000| Untracked 
|  56|0x00000000c3800000, 0x00000000c3800000, 0x00000000c3900000|  0%| F|  |TAMS 0x00000000c3800000, 0x00000000c3800000| Untracked 
|  57|0x00000000c3900000, 0x00000000c3900000, 0x00000000c3a00000|  0%| F|  |TAMS 0x00000000c3900000, 0x00000000c3900000| Untracked 
|  58|0x00000000c3a00000, 0x00000000c3a00000, 0x00000000c3b00000|  0%| F|  |TAMS 0x00000000c3a00000, 0x00000000c3a00000| Untracked 
|  59|0x00000000c3b00000, 0x00000000c3c00000, 0x00000000c3c00000|100%| O|  |TAMS 0x00000000c3b00000, 0x00000000c3b00000| Untracked 
|  60|0x00000000c3c00000, 0x00000000c3d00000, 0x00000000c3d00000|100%| O|  |TAMS 0x00000000c3c00000, 0x00000000c3c00000| Untracked 
|  61|0x00000000c3d00000, 0x00000000c3d00000, 0x00000000c3e00000|  0%| F|  |TAMS 0x00000000c3d00000, 0x00000000c3d00000| Untracked 
|  62|0x00000000c3e00000, 0x00000000c3e00000, 0x00000000c3f00000|  0%| F|  |TAMS 0x00000000c3e00000, 0x00000000c3e00000| Untracked 
|  63|0x00000000c3f00000, 0x00000000c3f00000, 0x00000000c4000000|  0%| F|  |TAMS 0x00000000c3f00000, 0x00000000c3f00000| Untracked 
|  64|0x00000000c4000000, 0x00000000c4000000, 0x00000000c4100000|  0%| F|  |TAMS 0x00000000c4000000, 0x00000000c4000000| Untracked 
|  65|0x00000000c4100000, 0x00000000c41907e0, 0x00000000c4200000| 56%| O|  |TAMS 0x00000000c41907e0, 0x00000000c4100000| Complete 
|  66|0x00000000c4200000, 0x00000000c4200000, 0x00000000c4300000|  0%| F|  |TAMS 0x00000000c4200000, 0x00000000c4200000| Untracked 
|  67|0x00000000c4300000, 0x00000000c4300000, 0x00000000c4400000|  0%| F|  |TAMS 0x00000000c4300000, 0x00000000c4300000| Untracked 
|  68|0x00000000c4400000, 0x00000000c4400000, 0x00000000c4500000|  0%| F|  |TAMS 0x00000000c4400000, 0x00000000c4400000| Untracked 
|  69|0x00000000c4500000, 0x00000000c4500000, 0x00000000c4600000|  0%| F|  |TAMS 0x00000000c4500000, 0x00000000c4500000| Untracked 
|  70|0x00000000c4600000, 0x00000000c4600000, 0x00000000c4700000|  0%| F|  |TAMS 0x00000000c4600000, 0x00000000c4600000| Untracked 
|  71|0x00000000c4700000, 0x00000000c4700000, 0x00000000c4800000|  0%| F|  |TAMS 0x00000000c4700000, 0x00000000c4700000| Untracked 
|  72|0x00000000c4800000, 0x00000000c4800000, 0x00000000c4900000|  0%| F|  |TAMS 0x00000000c4800000, 0x00000000c4800000| Untracked 
|  73|0x00000000c4900000, 0x00000000c4900000, 0x00000000c4a00000|  0%| F|  |TAMS 0x00000000c4900000, 0x00000000c4900000| Untracked 
|  74|0x00000000c4a00000, 0x00000000c4a00000, 0x00000000c4b00000|  0%| F|  |TAMS 0x00000000c4a00000, 0x00000000c4a00000| Untracked 
|  75|0x00000000c4b00000, 0x00000000c4b00000, 0x00000000c4c00000|  0%| F|  |TAMS 0x00000000c4b00000, 0x00000000c4b00000| Untracked 
|  76|0x00000000c4c00000, 0x00000000c4c00000, 0x00000000c4d00000|  0%| F|  |TAMS 0x00000000c4c00000, 0x00000000c4c00000| Untracked 
|  77|0x00000000c4d00000, 0x00000000c4d00000, 0x00000000c4e00000|  0%| F|  |TAMS 0x00000000c4d00000, 0x00000000c4d00000| Untracked 
|  78|0x00000000c4e00000, 0x00000000c4e00000, 0x00000000c4f00000|  0%| F|  |TAMS 0x00000000c4e00000, 0x00000000c4e00000| Untracked 
|  79|0x00000000c4f00000, 0x00000000c4f00000, 0x00000000c5000000|  0%| F|  |TAMS 0x00000000c4f00000, 0x00000000c4f00000| Untracked 
|  80|0x00000000c5000000, 0x00000000c5000000, 0x00000000c5100000|  0%| F|  |TAMS 0x00000000c5000000, 0x00000000c5000000| Untracked 
|  81|0x00000000c5100000, 0x00000000c5100000, 0x00000000c5200000|  0%| F|  |TAMS 0x00000000c5100000, 0x00000000c5100000| Untracked 
|  82|0x00000000c5200000, 0x00000000c5200000, 0x00000000c5300000|  0%| F|  |TAMS 0x00000000c5200000, 0x00000000c5200000| Untracked 
|  83|0x00000000c5300000, 0x00000000c5300000, 0x00000000c5400000|  0%| F|  |TAMS 0x00000000c5300000, 0x00000000c5300000| Untracked 
|  84|0x00000000c5400000, 0x00000000c5400000, 0x00000000c5500000|  0%| F|  |TAMS 0x00000000c5400000, 0x00000000c5400000| Untracked 
|  85|0x00000000c5500000, 0x00000000c5500000, 0x00000000c5600000|  0%| F|  |TAMS 0x00000000c5500000, 0x00000000c5500000| Untracked 
|  86|0x00000000c5600000, 0x00000000c5600000, 0x00000000c5700000|  0%| F|  |TAMS 0x00000000c5600000, 0x00000000c5600000| Untracked 
|  87|0x00000000c5700000, 0x00000000c5700000, 0x00000000c5800000|  0%| F|  |TAMS 0x00000000c5700000, 0x00000000c5700000| Untracked 
|  88|0x00000000c5800000, 0x00000000c5800000, 0x00000000c5900000|  0%| F|  |TAMS 0x00000000c5800000, 0x00000000c5800000| Untracked 
|  89|0x00000000c5900000, 0x00000000c5900000, 0x00000000c5a00000|  0%| F|  |TAMS 0x00000000c5900000, 0x00000000c5900000| Untracked 
|  90|0x00000000c5a00000, 0x00000000c5a00000, 0x00000000c5b00000|  0%| F|  |TAMS 0x00000000c5a00000, 0x00000000c5a00000| Untracked 
|  91|0x00000000c5b00000, 0x00000000c5b27c30, 0x00000000c5c00000| 15%| E|  |TAMS 0x00000000c5b00000, 0x00000000c5b00000| Complete 
|  92|0x00000000c5c00000, 0x00000000c5cc8c00, 0x00000000c5d00000| 78%| S|CS|TAMS 0x00000000c5c00000, 0x00000000c5c00000| Complete 
|  93|0x00000000c5d00000, 0x00000000c5e00000, 0x00000000c5e00000|100%| S|CS|TAMS 0x00000000c5d00000, 0x00000000c5d00000| Complete 
|  94|0x00000000c5e00000, 0x00000000c5f00000, 0x00000000c5f00000|100%| E|CS|TAMS 0x00000000c5e00000, 0x00000000c5e00000| Complete 
|  95|0x00000000c5f00000, 0x00000000c6000000, 0x00000000c6000000|100%| E|CS|TAMS 0x00000000c5f00000, 0x00000000c5f00000| Complete 
|  96|0x00000000c6000000, 0x00000000c6100000, 0x00000000c6100000|100%| E|CS|TAMS 0x00000000c6000000, 0x00000000c6000000| Complete 
|  97|0x00000000c6100000, 0x00000000c6200000, 0x00000000c6200000|100%| E|CS|TAMS 0x00000000c6100000, 0x00000000c6100000| Complete 
|  98|0x00000000c6200000, 0x00000000c6300000, 0x00000000c6300000|100%| E|CS|TAMS 0x00000000c6200000, 0x00000000c6200000| Complete 
|  99|0x00000000c6300000, 0x00000000c6400000, 0x00000000c6400000|100%| E|CS|TAMS 0x00000000c6300000, 0x00000000c6300000| Complete 
| 100|0x00000000c6400000, 0x00000000c6500000, 0x00000000c6500000|100%| E|CS|TAMS 0x00000000c6400000, 0x00000000c6400000| Complete 
| 101|0x00000000c6500000, 0x00000000c6600000, 0x00000000c6600000|100%| E|CS|TAMS 0x00000000c6500000, 0x00000000c6500000| Complete 
| 102|0x00000000c6600000, 0x00000000c6700000, 0x00000000c6700000|100%| E|CS|TAMS 0x00000000c6600000, 0x00000000c6600000| Complete 
| 179|0x00000000cb300000, 0x00000000cb400000, 0x00000000cb400000|100%| E|CS|TAMS 0x00000000cb300000, 0x00000000cb300000| Complete 

Card table byte_map: [0x000001c7e5180000,0x000001c7e5380000] _byte_map_base: 0x000001c7e4b80000

Marking Bits (Prev, Next): (CMBitMap*) 0x000001c7cc429e10, (CMBitMap*) 0x000001c7cc429e50
 Prev Bits: [0x000001c7e5580000, 0x000001c7e6580000)
 Next Bits: [0x000001c7e6580000, 0x000001c7e7580000)

Polling page: 0x000001c7ad6a0000

Metaspace:

Usage:
  Non-class:      8.04 MB used.
      Class:      1.41 MB used.
       Both:      9.45 MB used.

Virtual space:
  Non-class space:       64.00 MB reserved,       8.12 MB ( 13%) committed,  1 nodes.
      Class space:        1.00 GB reserved,       1.56 MB ( <1%) committed,  1 nodes.
             Both:        1.06 GB reserved,       9.69 MB ( <1%) committed. 

Chunk freelists:
   Non-Class:  6.59 MB
       Class:  14.50 MB
        Both:  21.09 MB

MaxMetaspaceSize: unlimited
CompressedClassSpaceSize: 1.00 GB
Initial GC threshold: 21.00 MB
Current GC threshold: 21.00 MB
CDS: on
MetaspaceReclaimPolicy: balanced
 - commit_granule_bytes: 65536.
 - commit_granule_words: 8192.
 - virtual_space_node_default_size: 8388608.
 - enlarge_chunks_in_place: 1.
 - new_chunks_are_fully_committed: 0.
 - uncommit_free_chunks: 1.
 - use_allocation_guard: 0.
 - handle_deallocations: 1.


Internal statistics:

num_allocs_failed_limit: 0.
num_arena_births: 124.
num_arena_deaths: 0.
num_vsnodes_births: 2.
num_vsnodes_deaths: 0.
num_space_committed: 155.
num_space_uncommitted: 0.
num_chunks_returned_to_freelist: 0.
num_chunks_taken_from_freelist: 395.
num_chunk_merges: 0.
num_chunk_splits: 288.
num_chunks_enlarged: 241.
num_inconsistent_stats: 0.

CodeHeap 'non-profiled nmethods': size=119168Kb used=1558Kb max_used=1558Kb free=117609Kb
 bounds [0x000001c7dcb40000, 0x000001c7dcdb0000, 0x000001c7e3fa0000]
CodeHeap 'profiled nmethods': size=119104Kb used=4596Kb max_used=4596Kb free=114507Kb
 bounds [0x000001c7d4fa0000, 0x000001c7d5420000, 0x000001c7dc3f0000]
CodeHeap 'non-nmethods': size=7488Kb used=2846Kb max_used=2899Kb free=4642Kb
 bounds [0x000001c7dc3f0000, 0x000001c7dc6d0000, 0x000001c7dcb40000]
 total_blobs=3171 nmethods=2729 adapters=350
 compilation: enabled
              stopped_count=0, restarted_count=0
 full_count=0

Compilation events (20 events):
Event: 1.414 Thread 0x000001c7ac3b1d30 2723       3       jdk.internal.reflect.ByteVectorImpl::get (26 bytes)
Event: 1.414 Thread 0x000001c7f00182c0 2724       4       jdk.internal.reflect.ClassFileAssembler::emitByte (11 bytes)
Event: 1.414 Thread 0x000001c7ac3b37c0 2725       4       jdk.internal.reflect.ByteVectorImpl::add (38 bytes)
Event: 1.414 Thread 0x000001c7ac3b1d30 nmethod 2723 0x000001c7d541ae90 code [0x000001c7d541b040, 0x000001c7d541b208]
Event: 1.415 Thread 0x000001c7ac3b2280 2726       1       scala.collection.mutable.HashMap::seedvalue (5 bytes)
Event: 1.415 Thread 0x000001c7ac3b2280 nmethod 2726 0x000001c7dccc4690 code [0x000001c7dccc4820, 0x000001c7dccc48f8]
Event: 1.415 Thread 0x000001c7ac3b1290 2727       1       scala.collection.mutable.HashMap::sizemap (5 bytes)
Event: 1.415 Thread 0x000001c7ac3b2280 2728       1       scala.collection.mutable.DefaultEntry::next_$eq (6 bytes)
Event: 1.415 Thread 0x000001c7ac3b1290 nmethod 2727 0x000001c7dccc4990 code [0x000001c7dccc4b20, 0x000001c7dccc4bf8]
Event: 1.415 Thread 0x000001c7ac3b1d30 2729       1       scala.collection.mutable.DefaultEntry::key (5 bytes)
Event: 1.415 Thread 0x000001c7ac3b2280 nmethod 2728 0x000001c7dccc4c90 code [0x000001c7dccc4e20, 0x000001c7dccc4f38]
Event: 1.415 Thread 0x000001c7ac3b1d30 nmethod 2729 0x000001c7dccc4f90 code [0x000001c7dccc5120, 0x000001c7dccc51f8]
Event: 1.415 Thread 0x000001c7ac3b37c0 nmethod 2725 0x000001c7dccc5290 code [0x000001c7dccc5420, 0x000001c7dccc5528]
Event: 1.415 Thread 0x000001c7f00182c0 nmethod 2724 0x000001c7dccc5610 code [0x000001c7dccc57a0, 0x000001c7dccc58e8]
Event: 1.421 Thread 0x000001c7ac3b0d40 2730       3       java.lang.Class::privateGetPublicMethods (224 bytes)
Event: 1.422 Thread 0x000001c7f0018810 2731       4       java.lang.reflect.Method::copy (84 bytes)
Event: 1.422 Thread 0x000001c7ac3b0d40 nmethod 2730 0x000001c7d541b310 code [0x000001c7d541b5e0, 0x000001c7d541c2f8]
Event: 1.422 Thread 0x000001c7ac3afd50 2732       4       java.lang.reflect.Method::<init> (68 bytes)
Event: 1.423 Thread 0x000001c7ac3b1290 2733       3       org.jpype.manager.TypeManager$Destroyer::add (101 bytes)
Event: 1.423 Thread 0x000001c7ac3b1290 nmethod 2733 0x000001c7d541c990 code [0x000001c7d541cb80, 0x000001c7d541d028]

GC Heap History (20 events):
Event: 0.812 GC heap before
{Heap before GC invocations=13 (full 2):
 garbage-first heap   total 39936K, used 27073K [0x00000000c0000000, 0x0000000100000000)
  region size 1024K, 9 young (9216K), 1 survivors (1024K)
 Metaspace       used 7848K, committed 8128K, reserved 1114112K
  class space    used 1152K, committed 1280K, reserved 1048576K
}
Event: 0.816 GC heap after
{Heap after GC invocations=14 (full 2):
 garbage-first heap   total 282624K, used 19873K [0x00000000c0000000, 0x0000000100000000)
  region size 1024K, 2 young (2048K), 2 survivors (2048K)
 Metaspace       used 7848K, committed 8128K, reserved 1114112K
  class space    used 1152K, committed 1280K, reserved 1048576K
}
Event: 0.858 GC heap before
{Heap before GC invocations=15 (full 2):
 garbage-first heap   total 75776K, used 38305K [0x00000000c0000000, 0x0000000100000000)
  region size 1024K, 23 young (23552K), 2 survivors (2048K)
 Metaspace       used 7948K, committed 8192K, reserved 1114112K
  class space    used 1153K, committed 1280K, reserved 1048576K
}
Event: 0.876 GC heap after
{Heap after GC invocations=16 (full 3):
 garbage-first heap   total 68608K, used 19428K [0x00000000c0000000, 0x0000000100000000)
  region size 1024K, 0 young (0K), 0 survivors (0K)
 Metaspace       used 7948K, committed 8192K, reserved 1114112K
  class space    used 1153K, committed 1280K, reserved 1048576K
}
Event: 0.911 GC heap before
{Heap before GC invocations=16 (full 3):
 garbage-first heap   total 68608K, used 45028K [0x00000000c0000000, 0x0000000100000000)
  region size 1024K, 25 young (25600K), 0 survivors (0K)
 Metaspace       used 7954K, committed 8192K, reserved 1114112K
  class space    used 1154K, committed 1280K, reserved 1048576K
}
Event: 0.915 GC heap after
{Heap after GC invocations=17 (full 3):
 garbage-first heap   total 68608K, used 22322K [0x00000000c0000000, 0x0000000100000000)
  region size 1024K, 3 young (3072K), 3 survivors (3072K)
 Metaspace       used 7954K, committed 8192K, reserved 1114112K
  class space    used 1154K, committed 1280K, reserved 1048576K
}
Event: 0.943 GC heap before
{Heap before GC invocations=17 (full 3):
 garbage-first heap   total 68608K, used 47922K [0x00000000c0000000, 0x0000000100000000)
  region size 1024K, 28 young (28672K), 3 survivors (3072K)
 Metaspace       used 7959K, committed 8192K, reserved 1114112K
  class space    used 1154K, committed 1280K, reserved 1048576K
}
Event: 0.949 GC heap after
{Heap after GC invocations=18 (full 3):
 garbage-first heap   total 68608K, used 24769K [0x00000000c0000000, 0x0000000100000000)
  region size 1024K, 3 young (3072K), 3 survivors (3072K)
 Metaspace       used 7959K, committed 8192K, reserved 1114112K
  class space    used 1154K, committed 1280K, reserved 1048576K
}
Event: 1.004 GC heap before
{Heap before GC invocations=18 (full 3):
 garbage-first heap   total 68608K, used 50369K [0x00000000c0000000, 0x0000000100000000)
  region size 1024K, 26 young (26624K), 3 survivors (3072K)
 Metaspace       used 8120K, committed 8384K, reserved 1114112K
  class space    used 1205K, committed 1344K, reserved 1048576K
}
Event: 1.011 GC heap after
{Heap after GC invocations=19 (full 3):
 garbage-first heap   total 68608K, used 30863K [0x00000000c0000000, 0x0000000100000000)
  region size 1024K, 4 young (4096K), 4 survivors (4096K)
 Metaspace       used 8120K, committed 8384K, reserved 1114112K
  class space    used 1205K, committed 1344K, reserved 1048576K
}
Event: 1.027 GC heap before
{Heap before GC invocations=19 (full 3):
 garbage-first heap   total 68608K, used 49295K [0x00000000c0000000, 0x0000000100000000)
  region size 1024K, 22 young (22528K), 4 survivors (4096K)
 Metaspace       used 8121K, committed 8384K, reserved 1114112K
  class space    used 1205K, committed 1344K, reserved 1048576K
}
Event: 1.033 GC heap after
{Heap after GC invocations=20 (full 3):
 garbage-first heap   total 296960K, used 32996K [0x00000000c0000000, 0x0000000100000000)
  region size 1024K, 2 young (2048K), 2 survivors (2048K)
 Metaspace       used 8121K, committed 8384K, reserved 1114112K
  class space    used 1205K, committed 1344K, reserved 1048576K
}
Event: 1.083 GC heap before
{Heap before GC invocations=20 (full 3):
 garbage-first heap   total 296960K, used 92388K [0x00000000c0000000, 0x0000000100000000)
  region size 1024K, 61 young (62464K), 2 survivors (2048K)
 Metaspace       used 8122K, committed 8384K, reserved 1114112K
  class space    used 1205K, committed 1344K, reserved 1048576K
}
Event: 1.095 GC heap after
{Heap after GC invocations=21 (full 4):
 garbage-first heap   total 106496K, used 28575K [0x00000000c0000000, 0x0000000100000000)
  region size 1024K, 0 young (0K), 0 survivors (0K)
 Metaspace       used 8122K, committed 8384K, reserved 1114112K
  class space    used 1205K, committed 1344K, reserved 1048576K
}
Event: 1.149 GC heap before
{Heap before GC invocations=21 (full 4):
 garbage-first heap   total 106496K, used 69535K [0x00000000c0000000, 0x0000000100000000)
  region size 1024K, 39 young (39936K), 0 survivors (0K)
 Metaspace       used 8122K, committed 8384K, reserved 1114112K
  class space    used 1205K, committed 1344K, reserved 1048576K
}
Event: 1.166 GC heap after
{Heap after GC invocations=22 (full 5):
 garbage-first heap   total 106496K, used 35002K [0x00000000c0000000, 0x0000000100000000)
  region size 1024K, 0 young (0K), 0 survivors (0K)
 Metaspace       used 8122K, committed 8384K, reserved 1114112K
  class space    used 1205K, committed 1344K, reserved 1048576K
}
Event: 1.305 GC heap before
{Heap before GC invocations=22 (full 5):
 garbage-first heap   total 106496K, used 88250K [0x00000000c0000000, 0x0000000100000000)
  region size 1024K, 43 young (44032K), 0 survivors (0K)
 Metaspace       used 8892K, committed 9088K, reserved 1114112K
  class space    used 1345K, committed 1472K, reserved 1048576K
}
Event: 1.319 GC heap after
{Heap after GC invocations=23 (full 5):
 garbage-first heap   total 106496K, used 56448K [0x00000000c0000000, 0x0000000100000000)
  region size 1024K, 6 young (6144K), 6 survivors (6144K)
 Metaspace       used 8892K, committed 9088K, reserved 1114112K
  class space    used 1345K, committed 1472K, reserved 1048576K
}
Event: 1.328 GC heap before
{Heap before GC invocations=23 (full 5):
 garbage-first heap   total 106496K, used 65664K [0x00000000c0000000, 0x0000000100000000)
  region size 1024K, 16 young (16384K), 6 survivors (6144K)
 Metaspace       used 8892K, committed 9088K, reserved 1114112K
  class space    used 1345K, committed 1472K, reserved 1048576K
}
Event: 1.344 GC heap after
{Heap after GC invocations=24 (full 5):
 garbage-first heap   total 106496K, used 58333K [0x00000000c0000000, 0x0000000100000000)
  region size 1024K, 2 young (2048K), 2 survivors (2048K)
 Metaspace       used 8892K, committed 9088K, reserved 1114112K
  class space    used 1345K, committed 1472K, reserved 1048576K
}

Dll operation events (8 events):
Event: 0.007 Loaded shared library C:\Program Files\Amazon Corretto\jdk17.0.12_7\bin\java.dll
Event: 0.020 Loaded shared library C:\Program Files\Amazon Corretto\jdk17.0.12_7\bin\jsvml.dll
Event: 0.058 Loaded shared library C:\Program Files\Amazon Corretto\jdk17.0.12_7\bin\net.dll
Event: 0.060 Loaded shared library C:\Program Files\Amazon Corretto\jdk17.0.12_7\bin\nio.dll
Event: 0.065 Loaded shared library C:\Program Files\Amazon Corretto\jdk17.0.12_7\bin\zip.dll
Event: 0.092 Loaded shared library C:\Users\kwons\anaconda3\envs\torch_book\Lib\site-packages\_jpype.cp39-win_amd64.pyd
Event: 0.111 Loaded shared library C:\Program Files\Amazon Corretto\jdk17.0.12_7\bin\jimage.dll
Event: 0.604 Loaded shared library C:\Program Files\Amazon Corretto\jdk17.0.12_7\bin\verify.dll

Deoptimization events (20 events):
Event: 1.366 Thread 0x000001c7cbf72600 Uncommon trap: trap_request=0xffffff45 fr.pc=0x000001c7dcbae6e8 relative=0x00000000000001c8
Event: 1.366 Thread 0x000001c7cbf72600 Uncommon trap: reason=unstable_if action=reinterpret pc=0x000001c7dcbae6e8 method=java.lang.String.startsWith(Ljava/lang/String;I)Z @ 55 c2
Event: 1.366 Thread 0x000001c7cbf72600 DEOPT PACKING pc=0x000001c7dcbae6e8 sp=0x000000c7a4bec980
Event: 1.366 Thread 0x000001c7cbf72600 DEOPT UNPACKING pc=0x000001c7dc4469a3 sp=0x000000c7a4bec890 mode 2
Event: 1.366 Thread 0x000001c7cbf72600 Uncommon trap: trap_request=0xffffff45 fr.pc=0x000001c7dcb7e5ec relative=0x000000000000024c
Event: 1.366 Thread 0x000001c7cbf72600 Uncommon trap: reason=unstable_if action=reinterpret pc=0x000001c7dcb7e5ec method=java.lang.String.startsWith(Ljava/lang/String;I)Z @ 55 c2
Event: 1.366 Thread 0x000001c7cbf72600 DEOPT PACKING pc=0x000001c7dcb7e5ec sp=0x000000c7a4bec910
Event: 1.366 Thread 0x000001c7cbf72600 DEOPT UNPACKING pc=0x000001c7dc4469a3 sp=0x000000c7a4bec890 mode 2
Event: 1.374 Thread 0x000001c7cbf72600 Uncommon trap: trap_request=0xffffff45 fr.pc=0x000001c7dcc46624 relative=0x0000000000000344
Event: 1.374 Thread 0x000001c7cbf72600 Uncommon trap: reason=unstable_if action=reinterpret pc=0x000001c7dcc46624 method=scala.collection.immutable.HashMap$HashMap1.contains0(Ljava/lang/Object;II)Z @ 5 c2
Event: 1.374 Thread 0x000001c7cbf72600 DEOPT PACKING pc=0x000001c7dcc46624 sp=0x000000c7a4bec840
Event: 1.374 Thread 0x000001c7cbf72600 DEOPT UNPACKING pc=0x000001c7dc4469a3 sp=0x000000c7a4bec660 mode 2
Event: 1.377 Thread 0x000001c7cbf72600 Uncommon trap: trap_request=0xffffff45 fr.pc=0x000001c7dcc3e090 relative=0x0000000000000150
Event: 1.377 Thread 0x000001c7cbf72600 Uncommon trap: reason=unstable_if action=reinterpret pc=0x000001c7dcc3e090 method=scala.collection.immutable.HashMap$HashMap1.contains0(Ljava/lang/Object;II)Z @ 5 c2
Event: 1.377 Thread 0x000001c7cbf72600 DEOPT PACKING pc=0x000001c7dcc3e090 sp=0x000000c7a4bec7e0
Event: 1.377 Thread 0x000001c7cbf72600 DEOPT UNPACKING pc=0x000001c7dc4469a3 sp=0x000000c7a4bec668 mode 2
Event: 1.421 Thread 0x000001c7cbf72600 Uncommon trap: trap_request=0xffffffde fr.pc=0x000001c7dcca4c4c relative=0x00000000000012ac
Event: 1.421 Thread 0x000001c7cbf72600 Uncommon trap: reason=class_check action=maybe_recompile pc=0x000001c7dcca4c4c method=java.util.HashMap.putVal(ILjava/lang/Object;Ljava/lang/Object;ZZ)Ljava/lang/Object; @ 91 c2
Event: 1.421 Thread 0x000001c7cbf72600 DEOPT PACKING pc=0x000001c7dcca4c4c sp=0x000000c7a4bed5a0
Event: 1.421 Thread 0x000001c7cbf72600 DEOPT UNPACKING pc=0x000001c7dc4469a3 sp=0x000000c7a4bed550 mode 2

Classes loaded (20 events):
Event: 1.267 Loading class java/util/concurrent/locks/ReentrantReadWriteLock$WriteLock
Event: 1.267 Loading class java/util/concurrent/locks/ReentrantReadWriteLock$WriteLock done
Event: 1.274 Loading class java/util/zip/CheckedInputStream
Event: 1.274 Loading class java/util/zip/CheckedInputStream done
Event: 1.274 Loading class jdk/internal/math/FloatingDecimal$ASCIIToBinaryBuffer
Event: 1.274 Loading class jdk/internal/math/FloatingDecimal$ASCIIToBinaryBuffer done
Event: 1.350 Loading class java/io/SequenceInputStream
Event: 1.350 Loading class java/io/SequenceInputStream done
Event: 1.350 Loading class java/util/zip/GZIPInputStream$1
Event: 1.350 Loading class java/util/zip/GZIPInputStream$1 done
Event: 1.350 Loading class java/util/Vector
Event: 1.350 Loading class java/util/Vector done
Event: 1.350 Loading class java/util/Vector$1
Event: 1.350 Loading class java/util/Vector$1 done
Event: 1.414 Loading class jdk/internal/misc/Signal$1
Event: 1.414 Loading class jdk/internal/misc/Signal$1 done
Event: 1.423 Loading class java/util/WeakHashMap$KeyIterator
Event: 1.423 Loading class java/util/WeakHashMap$HashIterator
Event: 1.423 Loading class java/util/WeakHashMap$HashIterator done
Event: 1.423 Loading class java/util/WeakHashMap$KeyIterator done

Classes unloaded (0 events):
No events

Classes redefined (0 events):
No events

Internal exceptions (20 events):
Event: 0.479 Thread 0x000001c7cbf72600 Exception <a 'java/lang/NoSuchMethodError'{0x00000000c1c05858}: 'java.lang.Object java.lang.invoke.Invokers$Holder.invokeExact_MT(java.lang.Object, java.lang.Object, java.lang.Object, java.lang.Object, java.lang.Object, java.lang.Object)'> (0x00000000c1c05858) 
thrown [s\src\hotspot\share\interpreter\linkResolver.cpp, line 759]
Event: 0.585 Thread 0x000001c7cbf72600 Exception <a 'java/lang/NoSuchMethodError'{0x00000000c177b6f8}: 'java.lang.Object java.lang.invoke.DirectMethodHandle$Holder.invokeStaticInit(java.lang.Object, java.lang.Object, java.lang.Object)'> (0x00000000c177b6f8) 
thrown [s\src\hotspot\share\interpreter\linkResolver.cpp, line 759]
Event: 0.630 Thread 0x000001c7cbf72600 Exception <a 'java/lang/NoSuchMethodError'{0x00000000c14e6df8}: 'java.lang.Object java.lang.invoke.DirectMethodHandle$Holder.newInvokeSpecial(java.lang.Object, java.lang.Object, java.lang.Object, java.lang.Object, java.lang.Object)'> (0x00000000c14e6df8) 
thrown [s\src\hotspot\share\interpreter\linkResolver.cpp, line 759]
Event: 0.637 Thread 0x000001c7cbf72600 Exception <a 'java/lang/NoSuchMethodError'{0x00000000c2135580}: 'java.lang.Object java.lang.invoke.DirectMethodHandle$Holder.invokeStatic(java.lang.Object, java.lang.Object, int, java.lang.Object, java.lang.Object)'> (0x00000000c2135580) 
thrown [s\src\hotspot\share\interpreter\linkResolver.cpp, line 759]
Event: 0.637 Thread 0x000001c7cbf72600 Exception <a 'java/lang/NoSuchMethodError'{0x00000000c213f638}: 'java.lang.Object java.lang.invoke.DirectMethodHandle$Holder.newInvokeSpecial(java.lang.Object, java.lang.Object, int, java.lang.Object)'> (0x00000000c213f638) 
thrown [s\src\hotspot\share\interpreter\linkResolver.cpp, line 759]
Event: 0.638 Thread 0x000001c7cbf72600 Exception <a 'java/lang/NoSuchMethodError'{0x00000000c21434b0}: 'java.lang.Object java.lang.invoke.DirectMethodHandle$Holder.invokeSpecial(java.lang.Object, java.lang.Object, java.lang.Object, int, java.lang.Object)'> (0x00000000c21434b0) 
thrown [s\src\hotspot\share\interpreter\linkResolver.cpp, line 759]
Event: 0.648 Thread 0x000001c7cbf72600 Exception <a 'java/lang/NoSuchMethodError'{0x00000000c203a3b8}: 'java.lang.Object java.lang.invoke.DirectMethodHandle$Holder.invokeStaticInit(java.lang.Object, java.lang.Object, java.lang.Object, java.lang.Object)'> (0x00000000c203a3b8) 
thrown [s\src\hotspot\share\interpreter\linkResolver.cpp, line 759]
Event: 0.653 Thread 0x000001c7cbf72600 Exception <a 'java/lang/NoSuchMethodError'{0x00000000c209e710}: 'void java.lang.invoke.DirectMethodHandle$Holder.invokeStatic(java.lang.Object, java.lang.Object)'> (0x00000000c209e710) 
thrown [s\src\hotspot\share\interpreter\linkResolver.cpp, line 759]
Event: 0.769 Thread 0x000001c7cbf72600 Exception <a 'java/lang/NoSuchMethodError'{0x00000000c22ce6c8}: 'java.lang.Object java.lang.invoke.DirectMethodHandle$Holder.invokeStatic(java.lang.Object, java.lang.Object, int, java.lang.Object)'> (0x00000000c22ce6c8) 
thrown [s\src\hotspot\share\interpreter\linkResolver.cpp, line 759]
Event: 0.770 Thread 0x000001c7cbf72600 Exception <a 'java/lang/NoSuchMethodError'{0x00000000c22d7018}: 'java.lang.Object java.lang.invoke.DirectMethodHandle$Holder.newInvokeSpecial(java.lang.Object, java.lang.Object, int)'> (0x00000000c22d7018) 
thrown [s\src\hotspot\share\interpreter\linkResolver.cpp, line 759]
Event: 0.776 Thread 0x000001c7cbf72600 Exception <a 'java/lang/NoSuchMethodError'{0x00000000c21067f8}: 'java.lang.Object java.lang.invoke.DirectMethodHandle$Holder.invokeStatic(java.lang.Object, int, java.lang.Object)'> (0x00000000c21067f8) 
thrown [s\src\hotspot\share\interpreter\linkResolver.cpp, line 759]
Event: 1.238 Thread 0x000001c7cbf72600 Exception <a 'java/lang/NoSuchMethodError'{0x00000000c5188668}: 'java.lang.Object java.lang.invoke.DirectMethodHandle$Holder.newInvokeSpecial(java.lang.Object, java.lang.Object, java.lang.Object, java.lang.Object, java.lang.Object, int)'> (0x00000000c5188668) 
thrown [s\src\hotspot\share\interpreter\linkResolver.cpp, line 759]
Event: 1.238 Thread 0x000001c7cbf72600 Exception <a 'java/lang/NoSuchMethodError'{0x00000000c518ccd0}: 'java.lang.Object java.lang.invoke.DirectMethodHandle$Holder.invokeSpecial(java.lang.Object, java.lang.Object, java.lang.Object, java.lang.Object, java.lang.Object, java.lang.Object, int)'> (0x00000000c518ccd0) 
thrown [s\src\hotspot\share\interpreter\linkResolver.cpp, line 759]
Event: 1.254 Thread 0x000001c7cbf72600 Exception <a 'java/lang/NoSuchMethodError'{0x00000000c5044740}: 'java.lang.Object java.lang.invoke.DirectMethodHandle$Holder.newInvokeSpecial(java.lang.Object, java.lang.Object, java.lang.Object, java.lang.Object, int, java.lang.Object)'> (0x00000000c5044740) 
thrown [s\src\hotspot\share\interpreter\linkResolver.cpp, line 759]
Event: 1.254 Thread 0x000001c7cbf72600 Exception <a 'java/lang/NoSuchMethodError'{0x00000000c5048a18}: 'java.lang.Object java.lang.invoke.DirectMethodHandle$Holder.invokeSpecial(java.lang.Object, java.lang.Object, java.lang.Object, java.lang.Object, java.lang.Object, int, java.lang.Object)'> (0x00000000c5048a18) 
thrown [s\src\hotspot\share\interpreter\linkResolver.cpp, line 759]
Event: 1.264 Thread 0x000001c7cbf72600 Exception <a 'java/lang/NoSuchMethodError'{0x00000000c5089af8}: 'java.lang.Object java.lang.invoke.DirectMethodHandle$Holder.invokeStaticInit(java.lang.Object, java.lang.Object, java.lang.Object, java.lang.Object, java.lang.Object)'> (0x00000000c5089af8) 
thrown [s\src\hotspot\share\interpreter\linkResolver.cpp, line 759]
Event: 1.264 Thread 0x000001c7cbf72600 Exception <a 'java/lang/NoSuchMethodError'{0x00000000c5090bf0}: 'java.lang.Object java.lang.invoke.Invokers$Holder.invoke_MT(java.lang.Object, java.lang.Object, java.lang.Object, java.lang.Object, java.lang.Object, java.lang.Object)'> (0x00000000c5090bf0) 
thrown [s\src\hotspot\share\interpreter\linkResolver.cpp, line 759]
Event: 1.265 Thread 0x000001c7cbf72600 Exception <a 'java/lang/NoSuchMethodError'{0x00000000c50999a0}: 'java.lang.Object java.lang.invoke.Invokers$Holder.invoker(java.lang.Object, java.lang.Object, java.lang.Object)'> (0x00000000c50999a0) 
thrown [s\src\hotspot\share\interpreter\linkResolver.cpp, line 759]
Event: 1.265 Thread 0x000001c7cbf72600 Exception <a 'java/lang/NoSuchMethodError'{0x00000000c50a2830}: 'java.lang.Object java.lang.invoke.Invokers$Holder.invokeExact_MT(java.lang.Object, java.lang.Object, java.lang.Object, java.lang.Object)'> (0x00000000c50a2830) 
thrown [s\src\hotspot\share\interpreter\linkResolver.cpp, line 759]
Event: 1.422 Thread 0x000001c7cbf771f0 Exception <a 'java/lang/InterruptedException'{0x00000000c60f6670}> (0x00000000c60f6670) 
thrown [s\src\hotspot\share\runtime\objectMonitor.cpp, line 1658]

VM Operations (20 events):
Event: 1.033 Executing VM operation: G1CollectForAllocation done
Event: 1.083 Executing VM operation: G1CollectFull
Event: 1.095 Executing VM operation: G1CollectFull done
Event: 1.149 Executing VM operation: G1CollectFull
Event: 1.166 Executing VM operation: G1CollectFull done
Event: 1.241 Executing VM operation: HandshakeAllThreads
Event: 1.241 Executing VM operation: HandshakeAllThreads done
Event: 1.305 Executing VM operation: G1CollectForAllocation
Event: 1.319 Executing VM operation: G1CollectForAllocation done
Event: 1.328 Executing VM operation: G1TryInitiateConcMark
Event: 1.344 Executing VM operation: G1TryInitiateConcMark done
Event: 1.357 Executing VM operation: G1PauseRemark
Event: 1.358 Executing VM operation: G1PauseRemark done
Event: 1.359 Executing VM operation: HandshakeAllThreads
Event: 1.359 Executing VM operation: HandshakeAllThreads done
Event: 1.367 Executing VM operation: G1PauseCleanup
Event: 1.367 Executing VM operation: G1PauseCleanup done
Event: 1.422 Executing VM operation: ThreadDump
Event: 1.422 Executing VM operation: ThreadDump done
Event: 1.423 Executing VM operation: Exit

Events (20 events):
Event: 0.032 Thread 0x000001c7ac3b0d40 Thread added: 0x000001c7ac3b0d40
Event: 0.032 Thread 0x000001c7cbf77700 Thread added: 0x000001c7cbf77700
Event: 0.035 Thread 0x000001c7ac3b2280 Thread added: 0x000001c7ac3b2280
Event: 0.055 Thread 0x000001c7cbf78630 Thread added: 0x000001c7cbf78630
Event: 0.057 Thread 0x000001c7cbf76ce0 Thread added: 0x000001c7cbf76ce0
Event: 0.109 Thread 0x000001c7cbf771f0 Thread added: 0x000001c7cbf771f0
Event: 0.220 Thread 0x000001c7ac3b1290 Thread added: 0x000001c7ac3b1290
Event: 0.220 Thread 0x000001c7ac3b1d30 Thread added: 0x000001c7ac3b1d30
Event: 0.244 Thread 0x000001c7ac3af2b0 Thread added: 0x000001c7ac3af2b0
Event: 0.247 Thread 0x000001c7ac3b3270 Thread added: 0x000001c7ac3b3270
Event: 0.250 Thread 0x000001c7ac3b37c0 Thread added: 0x000001c7ac3b37c0
Event: 0.252 Thread 0x000001c7f00182c0 Thread added: 0x000001c7f00182c0
Event: 0.255 Thread 0x000001c7f001ad40 Thread added: 0x000001c7f001ad40
Event: 0.260 Thread 0x000001c7f0018810 Thread added: 0x000001c7f0018810
Event: 0.262 Thread 0x000001c7f0018d60 Thread added: 0x000001c7f0018d60
Event: 1.281 Thread 0x000001c7f0018d60 Thread exited: 0x000001c7f0018d60
Event: 1.415 Thread 0x000001c7cbf758a0 Thread added: 0x000001c7cbf758a0
Event: 1.415 Thread 0x000001c7cbf762c0 Thread added: 0x000001c7cbf762c0
Event: 1.422 Thread 0x000001c7cbf771f0 Thread exited: 0x000001c7cbf771f0
Event: 1.423 Thread 0x000001c7cbf762c0 Thread exited: 0x000001c7cbf762c0


Dynamic libraries:
0x00007ff7e99b0000 - 0x00007ff7e99cc000 	C:\Users\kwons\anaconda3\envs\torch_book\python.exe
0x00007ffd84180000 - 0x00007ffd843e8000 	C:\WINDOWS\SYSTEM32\ntdll.dll
0x00007ffd83600000 - 0x00007ffd836c9000 	C:\WINDOWS\System32\KERNEL32.DLL
0x00007ffd81420000 - 0x00007ffd8180d000 	C:\WINDOWS\System32\KERNELBASE.dll
0x00007ffd812d0000 - 0x00007ffd8141b000 	C:\WINDOWS\System32\ucrtbase.dll
0x00007ffd6d4b0000 - 0x00007ffd6d4ce000 	C:\Users\kwons\anaconda3\envs\torch_book\VCRUNTIME140.dll
0x00007ffd27600000 - 0x00007ffd27a7f000 	C:\Users\kwons\anaconda3\envs\torch_book\python39.dll
0x00007ffd82750000 - 0x00007ffd827c4000 	C:\WINDOWS\System32\WS2_32.dll
0x00007ffd827d0000 - 0x00007ffd828e8000 	C:\WINDOWS\System32\RPCRT4.dll
0x00007ffd7af40000 - 0x00007ffd7af4b000 	C:\WINDOWS\SYSTEM32\VERSION.dll
0x00007ffd83d30000 - 0x00007ffd83de4000 	C:\WINDOWS\System32\ADVAPI32.dll
0x00007ffd824d0000 - 0x00007ffd82579000 	C:\WINDOWS\System32\msvcrt.dll
0x00007ffd828f0000 - 0x00007ffd82996000 	C:\WINDOWS\System32\sechost.dll
0x00007ffd808b0000 - 0x00007ffd808cb000 	C:\WINDOWS\SYSTEM32\CRYPTSP.dll
0x00007ffd7ffd0000 - 0x00007ffd8000b000 	C:\WINDOWS\system32\rsaenh.dll
0x00007ffd808d0000 - 0x00007ffd808dc000 	C:\WINDOWS\SYSTEM32\CRYPTBASE.dll
0x00007ffd81a20000 - 0x00007ffd81ab9000 	C:\WINDOWS\System32\bcryptPrimitives.dll
0x00007ffd7bcf0000 - 0x00007ffd7bcff000 	C:\Users\kwons\anaconda3\envs\torch_book\python3.DLL
0x00007ffd6b3b0000 - 0x00007ffd6b3d1000 	C:\Users\kwons\anaconda3\envs\torch_book\DLLs\_ctypes.pyd
0x00007ffd82020000 - 0x00007ffd821be000 	C:\WINDOWS\System32\ole32.dll
0x00007ffd81e70000 - 0x00007ffd81f13000 	C:\WINDOWS\System32\msvcp_win.dll
0x00007ffd82330000 - 0x00007ffd8235b000 	C:\WINDOWS\System32\GDI32.dll
0x00007ffd81e40000 - 0x00007ffd81e67000 	C:\WINDOWS\System32\win32u.dll
0x00007ffd81b80000 - 0x00007ffd81cb7000 	C:\WINDOWS\System32\gdi32full.dll
0x00007ffd6d4a0000 - 0x00007ffd6d4ab000 	C:\Users\kwons\anaconda3\envs\torch_book\DLLs\libffi-7.dll
0x00007ffd82580000 - 0x00007ffd8274c000 	C:\WINDOWS\System32\USER32.dll
0x00007ffd837d0000 - 0x00007ffd83b56000 	C:\WINDOWS\System32\combase.dll
0x00007ffd82240000 - 0x00007ffd82320000 	C:\WINDOWS\System32\OLEAUT32.dll
0x00007ffd83df0000 - 0x00007ffd83e1f000 	C:\WINDOWS\System32\IMM32.DLL
0x00007ffd6b400000 - 0x00007ffd6b417000 	C:\Users\kwons\anaconda3\envs\torch_book\DLLs\_bz2.pyd
0x00007ffd6b380000 - 0x00007ffd6b3aa000 	C:\Users\kwons\anaconda3\envs\torch_book\DLLs\_lzma.pyd
0x00007ffd6b2e0000 - 0x00007ffd6b2f6000 	C:\Users\kwons\anaconda3\envs\torch_book\DLLs\_socket.pyd
0x00007ffd7faf0000 - 0x00007ffd7fb23000 	C:\WINDOWS\SYSTEM32\IPHLPAPI.DLL
0x00007ffd6cd70000 - 0x00007ffd6cd7a000 	C:\Users\kwons\anaconda3\envs\torch_book\DLLs\select.pyd
0x00007ffd69da0000 - 0x00007ffd69e29000 	C:\Users\kwons\anaconda3\envs\torch_book\msvcp140.dll
0x00007ffd6b370000 - 0x00007ffd6b37c000 	C:\Users\kwons\anaconda3\envs\torch_book\VCRUNTIME140_1.dll
0x00007ffd65a60000 - 0x00007ffd65abc000 	C:\Users\kwons\anaconda3\envs\torch_book\lib\site-packages\torch\lib\asmjit.dll
0x00007ffd47270000 - 0x00007ffd47498000 	C:\Users\kwons\anaconda3\envs\torch_book\lib\site-packages\torch\lib\c10.dll
0x00007ffd7e1c0000 - 0x00007ffd7e401000 	C:\WINDOWS\SYSTEM32\dbghelp.dll
0x00007ffd659d0000 - 0x00007ffd65a59000 	C:\Users\kwons\anaconda3\envs\torch_book\lib\site-packages\torch\lib\c10_cuda.dll
0x00007ffd656b0000 - 0x00007ffd65738000 	C:\Users\kwons\anaconda3\envs\torch_book\lib\site-packages\torch\lib\cudart64_12.dll
0x00007ffd6a410000 - 0x00007ffd6a419000 	C:\Users\kwons\anaconda3\envs\torch_book\lib\site-packages\torch\lib\caffe2_nvrtc.dll
0x00007ffccc800000 - 0x00007ffccf0dd000 	C:\Users\kwons\anaconda3\envs\torch_book\lib\site-packages\torch\lib\nvrtc64_120_0.dll
0x00007ffd82e30000 - 0x00007ffd8357a000 	C:\WINDOWS\System32\SHELL32.dll
0x00007ffd81cc0000 - 0x00007ffd81e34000 	C:\WINDOWS\System32\wintypes.dll
0x00007ffcc6a60000 - 0x00007ffccc7fc000 	C:\Users\kwons\anaconda3\envs\torch_book\lib\site-packages\torch\lib\cublas64_12.dll
0x00007ffca37a0000 - 0x00007ffcc6a5e000 	C:\Users\kwons\anaconda3\envs\torch_book\lib\site-packages\torch\lib\cublasLt64_12.dll
0x00007ffd49640000 - 0x00007ffd49a10000 	C:\WINDOWS\SYSTEM32\nvcuda.dll
0x00007ffd65960000 - 0x00007ffd659cf000 	C:\Users\kwons\anaconda3\envs\torch_book\lib\site-packages\torch\lib\cudnn64_9.dll
0x00007ffc95020000 - 0x00007ffca379c000 	C:\Users\kwons\anaconda3\envs\torch_book\lib\site-packages\torch\lib\cudnn_adv64_9.dll
0x00007ffd26cc0000 - 0x00007ffd26ed8000 	C:\Users\kwons\anaconda3\envs\torch_book\lib\site-packages\torch\lib\cudnn_graph64_9.dll
0x00007ffc8e8e0000 - 0x00007ffc9501d000 	C:\Users\kwons\anaconda3\envs\torch_book\lib\site-packages\torch\lib\cudnn_ops64_9.dll
0x00007ffcf2360000 - 0x00007ffcf273c000 	C:\Users\kwons\anaconda3\envs\torch_book\lib\site-packages\torch\lib\cudnn_cnn64_9.dll
0x00007ffc6b500000 - 0x00007ffc8e8d1000 	C:\Users\kwons\anaconda3\envs\torch_book\lib\site-packages\torch\lib\cudnn_engines_precompiled64_9.dll
0x00007ffcf1b70000 - 0x00007ffcf2351000 	C:\Users\kwons\anaconda3\envs\torch_book\lib\site-packages\torch\lib\cudnn_engines_runtime_compiled64_9.dll
0x00007ffc66330000 - 0x00007ffc6b4f9000 	C:\Users\kwons\anaconda3\envs\torch_book\lib\site-packages\torch\lib\cudnn_heuristic64_9.dll
0x00007ffc5acb0000 - 0x00007ffc6632c000 	C:\Users\kwons\anaconda3\envs\torch_book\lib\site-packages\torch\lib\cufft64_11.dll
0x00007ffd6a330000 - 0x00007ffd6a37f000 	C:\Users\kwons\anaconda3\envs\torch_book\lib\site-packages\torch\lib\cufftw64_11.dll
0x00007ffcf1740000 - 0x00007ffcf1b6b000 	C:\Users\kwons\anaconda3\envs\torch_book\lib\site-packages\torch\lib\cupti64_2023.1.1.dll
0x00007ffd811b0000 - 0x00007ffd811d6000 	C:\WINDOWS\SYSTEM32\bcrypt.dll
0x00007ffc569e0000 - 0x00007ffc5acaf000 	C:\Users\kwons\anaconda3\envs\torch_book\lib\site-packages\torch\lib\curand64_10.dll
0x00007ffc500b0000 - 0x00007ffc569da000 	C:\Users\kwons\anaconda3\envs\torch_book\lib\site-packages\torch\lib\cusolver64_11.dll
0x00007ffc40660000 - 0x00007ffc500a5000 	C:\Users\kwons\anaconda3\envs\torch_book\lib\site-packages\torch\lib\cusparse64_12.dll
0x00007ffc3e570000 - 0x00007ffc40657000 	C:\Users\kwons\anaconda3\envs\torch_book\lib\site-packages\torch\lib\nvJitLink_120_0.dll
0x00007ffc39bf0000 - 0x00007ffc3e56f000 	C:\Users\kwons\anaconda3\envs\torch_book\lib\site-packages\torch\lib\cusolverMg64_11.dll
0x00007ffcf0030000 - 0x00007ffcf0500000 	C:\Users\kwons\anaconda3\envs\torch_book\lib\site-packages\torch\lib\fbgemm.dll
0x00007ffd47110000 - 0x00007ffd4726d000 	C:\Users\kwons\anaconda3\envs\torch_book\lib\site-packages\torch\lib\libiomp5md.dll
0x00007ffd6a400000 - 0x00007ffd6a40c000 	C:\Users\kwons\anaconda3\envs\torch_book\lib\site-packages\torch\lib\libiompstubs5md.dll
0x00007ffcef430000 - 0x00007ffcefae3000 	C:\Users\kwons\anaconda3\envs\torch_book\lib\site-packages\torch\lib\nvrtc-builtins64_121.dll
0x00007ffd6a3e0000 - 0x00007ffd6a3f0000 	C:\Users\kwons\anaconda3\envs\torch_book\lib\site-packages\torch\lib\nvToolsExt64_1.dll
0x00007ffd6a120000 - 0x00007ffd6a129000 	C:\Users\kwons\anaconda3\envs\torch_book\lib\site-packages\torch\lib\shm.dll
0x00007ffc2adb0000 - 0x00007ffc39be5000 	C:\Users\kwons\anaconda3\envs\torch_book\lib\site-packages\torch\lib\torch_cpu.dll
0x00007ffd064e0000 - 0x00007ffd0679d000 	C:\Users\kwons\anaconda3\envs\torch_book\lib\site-packages\torch\lib\uv.dll
0x00007ffd83e30000 - 0x00007ffd83e38000 	C:\WINDOWS\System32\PSAPI.DLL
0x00007ffd806a0000 - 0x00007ffd806cb000 	C:\WINDOWS\SYSTEM32\USERENV.dll
0x00007ffbf2b50000 - 0x00007ffc2adad000 	C:\Users\kwons\anaconda3\envs\torch_book\lib\site-packages\torch\lib\torch_cuda.dll
0x00007ffd69d90000 - 0x00007ffd69d97000 	C:\Users\kwons\anaconda3\envs\torch_book\lib\site-packages\torch\lib\torch.dll
0x00007ffd69d80000 - 0x00007ffd69d87000 	C:\Users\kwons\anaconda3\envs\torch_book\lib\site-packages\torch\lib\torch_global_deps.dll
0x00007ffce3520000 - 0x00007ffce4436000 	C:\Users\kwons\anaconda3\envs\torch_book\lib\site-packages\torch\lib\torch_python.dll
0x0000000010000000 - 0x000000001001a000 	C:\Users\kwons\anaconda3\envs\torch_book\lib\site-packages\torch\lib\zlibwapi.dll
0x00007ffd69d70000 - 0x00007ffd69d77000 	C:\Users\kwons\anaconda3\envs\torch_book\lib\site-packages\torch\_C.cp39-win_amd64.pyd
0x00000000622c0000 - 0x0000000064148000 	C:\Users\kwons\anaconda3\envs\torch_book\lib\site-packages\numpy\.libs\libopenblas.FB5AE2TYXYH2IJRDKGDGQ3XBKLKTF43H.gfortran-win_amd64.dll
0x00007ffcf1480000 - 0x00007ffcf1733000 	C:\Users\kwons\anaconda3\envs\torch_book\lib\site-packages\numpy\core\_multiarray_umath.cp39-win_amd64.pyd
0x00007ffd69d20000 - 0x00007ffd69d35000 	C:\Users\kwons\anaconda3\envs\torch_book\lib\site-packages\numpy\core\_multiarray_tests.cp39-win_amd64.pyd
0x00007ffd69c90000 - 0x00007ffd69cad000 	C:\Users\kwons\anaconda3\envs\torch_book\lib\site-packages\numpy\linalg\_umath_linalg.cp39-win_amd64.pyd
0x00007ffd69090000 - 0x00007ffd690af000 	C:\Users\kwons\anaconda3\envs\torch_book\lib\site-packages\numpy\fft\_pocketfft_internal.cp39-win_amd64.pyd
0x00007ffd63860000 - 0x00007ffd638ec000 	C:\Users\kwons\anaconda3\envs\torch_book\lib\site-packages\numpy\random\mtrand.cp39-win_amd64.pyd
0x00007ffd67a90000 - 0x00007ffd67ab6000 	C:\Users\kwons\anaconda3\envs\torch_book\lib\site-packages\numpy\random\bit_generator.cp39-win_amd64.pyd
0x00007ffd65310000 - 0x00007ffd6533e000 	C:\Users\kwons\anaconda3\envs\torch_book\lib\site-packages\numpy\random\_common.cp39-win_amd64.pyd
0x00007ffd652f0000 - 0x00007ffd65302000 	C:\Users\kwons\anaconda3\envs\torch_book\DLLs\_hashlib.pyd
0x00007ffcec780000 - 0x00007ffcecc92000 	C:\Users\kwons\anaconda3\envs\torch_book\Library\bin\libcrypto-3-x64.dll
0x00007ffd81810000 - 0x00007ffd81987000 	C:\WINDOWS\System32\CRYPT32.dll
0x00007ffd63970000 - 0x00007ffd639ae000 	C:\Users\kwons\anaconda3\envs\torch_book\lib\site-packages\numpy\random\_bounded_integers.cp39-win_amd64.pyd
0x00007ffd64a20000 - 0x00007ffd64a35000 	C:\Users\kwons\anaconda3\envs\torch_book\lib\site-packages\numpy\random\_mt19937.cp39-win_amd64.pyd
0x00007ffd634b0000 - 0x00007ffd634c4000 	C:\Users\kwons\anaconda3\envs\torch_book\lib\site-packages\numpy\random\_philox.cp39-win_amd64.pyd
0x00007ffd63490000 - 0x00007ffd634a7000 	C:\Users\kwons\anaconda3\envs\torch_book\lib\site-packages\numpy\random\_pcg64.cp39-win_amd64.pyd
0x00007ffd69d60000 - 0x00007ffd69d70000 	C:\Users\kwons\anaconda3\envs\torch_book\lib\site-packages\numpy\random\_sfc64.cp39-win_amd64.pyd
0x00007ffd605b0000 - 0x00007ffd60653000 	C:\Users\kwons\anaconda3\envs\torch_book\lib\site-packages\numpy\random\_generator.cp39-win_amd64.pyd
0x00007ffd69d10000 - 0x00007ffd69d19000 	C:\Users\kwons\anaconda3\envs\torch_book\DLLs\_queue.pyd
0x00007ffd69080000 - 0x00007ffd69089000 	C:\Users\kwons\anaconda3\envs\torch_book\DLLs\_uuid.pyd
0x00007ffd63460000 - 0x00007ffd6348c000 	C:\Users\kwons\anaconda3\envs\torch_book\DLLs\_ssl.pyd
0x00007ffd60460000 - 0x00007ffd60523000 	C:\Users\kwons\anaconda3\envs\torch_book\Library\bin\libssl-3-x64.dll
0x00007ffd47c80000 - 0x00007ffd47d94000 	C:\Users\kwons\anaconda3\envs\torch_book\DLLs\unicodedata.pyd
0x00007ffd67a80000 - 0x00007ffd67a8a000 	C:\Users\kwons\anaconda3\envs\torch_book\DLLs\_multiprocessing.pyd
0x00007ffd63400000 - 0x00007ffd63412000 	C:\Users\kwons\anaconda3\envs\torch_book\DLLs\_asyncio.pyd
0x00007ffd674c0000 - 0x00007ffd674ce000 	C:\Users\kwons\anaconda3\envs\torch_book\DLLs\_overlapped.pyd
0x00007ffd80600000 - 0x00007ffd8066a000 	C:\WINDOWS\system32\mswsock.dll
0x00007ffce3170000 - 0x00007ffce351b000 	C:\Users\kwons\anaconda3\envs\torch_book\lib\site-packages\pyarrow\lib.cp39-win_amd64.pyd
0x00007ffd478d0000 - 0x00007ffd479fb000 	C:\Users\kwons\anaconda3\envs\torch_book\lib\site-packages\pyarrow\arrow_python.dll
0x00007ffd4e390000 - 0x00007ffd4e41d000 	C:\Users\kwons\anaconda3\envs\torch_book\lib\site-packages\pyarrow.libs\msvcp140-a118642f3ae8774fb9dc223e15c4a52e.dll
0x00007ffbf0d10000 - 0x00007ffbf2b41000 	C:\Users\kwons\anaconda3\envs\torch_book\lib\site-packages\pyarrow\arrow.dll
0x00007ffd696c0000 - 0x00007ffd69949000 	C:\WINDOWS\SYSTEM32\WININET.dll
0x00007ffd7e770000 - 0x00007ffd7e77d000 	C:\WINDOWS\SYSTEM32\Secur32.dll
0x00007ffd7a4b0000 - 0x00007ffd7a5ce000 	C:\WINDOWS\SYSTEM32\WINHTTP.dll
0x00007ffd80b40000 - 0x00007ffd80b70000 	C:\WINDOWS\SYSTEM32\ncrypt.dll
0x00007ffd80320000 - 0x00007ffd80369000 	C:\WINDOWS\SYSTEM32\SSPICLI.DLL
0x00007ffd80af0000 - 0x00007ffd80b2f000 	C:\WINDOWS\SYSTEM32\NTASN1.dll
0x00007ffd603a0000 - 0x00007ffd603e4000 	C:\Users\kwons\anaconda3\envs\torch_book\DLLs\_decimal.pyd
0x00007ffd66d70000 - 0x00007ffd66d7b000 	C:\Users\kwons\anaconda3\envs\torch_book\lib\site-packages\pandas\_libs\pandas_parser.cp39-win_amd64.pyd
0x00007ffd65950000 - 0x00007ffd6595c000 	C:\Users\kwons\anaconda3\envs\torch_book\lib\site-packages\pandas\_libs\pandas_datetime.cp39-win_amd64.pyd
0x00007ffd47530000 - 0x00007ffd47645000 	C:\Users\kwons\anaconda3\envs\torch_book\lib\site-packages\pandas\_libs\interval.cp39-win_amd64.pyd
0x00007ffd43210000 - 0x00007ffd433d8000 	C:\Users\kwons\anaconda3\envs\torch_book\lib\site-packages\pandas\_libs\hashtable.cp39-win_amd64.pyd
0x00007ffd60570000 - 0x00007ffd605a1000 	C:\Users\kwons\anaconda3\envs\torch_book\lib\site-packages\pandas\_libs\missing.cp39-win_amd64.pyd
0x00007ffd5ca60000 - 0x00007ffd5ca8e000 	C:\Users\kwons\anaconda3\envs\torch_book\lib\site-packages\pandas\_libs\tslibs\dtypes.cp39-win_amd64.pyd
0x00007ffd633e0000 - 0x00007ffd633f5000 	C:\Users\kwons\anaconda3\envs\torch_book\lib\site-packages\pandas\_libs\tslibs\ccalendar.cp39-win_amd64.pyd
0x00007ffd5c640000 - 0x00007ffd5c661000 	C:\Users\kwons\anaconda3\envs\torch_book\lib\site-packages\pandas\_libs\tslibs\np_datetime.cp39-win_amd64.pyd
0x00007ffd58ab0000 - 0x00007ffd58aec000 	C:\Users\kwons\anaconda3\envs\torch_book\lib\site-packages\pandas\_libs\tslibs\conversion.cp39-win_amd64.pyd
0x00007ffd60440000 - 0x00007ffd60451000 	C:\Users\kwons\anaconda3\envs\torch_book\lib\site-packages\pandas\_libs\tslibs\base.cp39-win_amd64.pyd

dbghelp: loaded successfully - version: 4.0.5 - missing functions: none
symbol engine: initialized successfully - sym options: 0x614 - pdb path: .;C:\Users\kwons\anaconda3\envs\torch_book;C:\WINDOWS\SYSTEM32;C:\Users\kwons\anaconda3\envs\torch_book\DLLs;C:\Users\kwons\anaconda3\envs\torch_book\lib\site-packages\torch\lib;C:\Users\kwons\anaconda3\envs\torch_book\lib\site-packages\torch;C:\Users\kwons\anaconda3\envs\torch_book\lib\site-packages\numpy\.libs;C:\Users\kwons\anaconda3\envs\torch_book\lib\site-packages\numpy\core;C:\Users\kwons\anaconda3\envs\torch_book\lib\site-packages\numpy\linalg;C:\Users\kwons\anaconda3\envs\torch_book\lib\site-packages\numpy\fft;C:\Users\kwons\anaconda3\envs\torch_book\lib\site-packages\numpy\random;C:\Users\kwons\anaconda3\envs\torch_book\Library\bin;C:\Users\kwons\anaconda3\envs\torch_book\lib\site-packages\pyarrow;C:\Users\kwons\anaconda3\envs\torch_book\lib\site-packages\pyarrow.libs;C:\Users\kwons\anaconda3\envs\torch_book\lib\site-packages\pandas\_libs;C:\Users\kwons\anaconda3\envs\torch_book\lib\site-packages\pandas\_libs\tslibs;C:\Users\kwons\anaconda3\envs\torch_book\lib\site-packages\pandas\_libs\window;C:\Users\kwons\anaconda3\envs\torch_book\lib\site-packages\pandas.libs;C:\Users\kwons\anaconda3\envs\torch_book\lib\site-packages\lxml;C:\Users\kwons\anaconda3\envs\torch_book\lib\site-packages\openpyxl\utils;C:\Users\kwons\anaconda3\envs\torch_book\lib\site-packages\openpyxl\worksheet;C:\Users\kwons\anaconda3\envs\torch_book\lib\site-packages\PIL;C:\Users\kwons\anaconda3\envs\torch_book\lib\site-packages\sklearn\__check_build;C:\Users\kwons\anaconda3\envs\torch_book\lib\site-packages\sklearn\.libs;C:\Users\kwons\anaconda3\envs\torch_book\lib\site-packages\psutil;C:\Users\kwons\anaconda3\envs\torch_book\lib\site-packages\scipy\_lib;C:\Users\kwons\anaconda3\envs\torch_book\lib\site-packages\scipy\sparse;C:\Users\kwons\anaconda3\envs\torch_book\lib\site-packages\scipy\linalg;C:\Users\kwons\anaconda3\envs\torch_book\lib\site-packages\scipy.libs;C:\Users\kwons\anaconda3\envs\torch_book\lib\site-packages\scipy\sparse\linalg\_dsolve;C:\Users\kwons\anaconda3\envs\torch_book\lib\site-packages\scipy\sparse\linalg\_eigen\arpack;C:\Users\kwons\anaconda3\envs\torch_book\lib\site-packages\scipy\sparse\linalg\_propack;C:\Users\kwons\anaconda3\envs\torch_book\lib\site-packages\scipy\sparse\csgraph;C:\Users\kwons\anaconda3\envs\torch_book\lib\site-packages\scipy\special;C:\Users\kwons\anaconda3\envs\torch_book\lib\site-packages\scipy\spatial;C:\Users\kwons\anaconda3\envs\torch_book\lib\site-packages\scipy\spatial\transform;C:\Users\kwons\anaconda3\envs\torch_book\lib\site-packages\scipy\ndimage;C:\Users\kwons\anaconda3\envs\torch_book\lib\site-packages\scipy\optimize;C:\Users\kwons\anaconda3\envs\torch_book\lib\site-packages\scipy\optimize\_trlib;C:\Users\kwons\anaconda3\envs\torch_book\lib\site-packages\scipy\optimize\_lsq;C:\Users\kwons\anaconda3\envs\torch_book\lib\site-packages\scipy\optimize\_highs;C:\Users\kwons\anaconda3\envs\torch_book\lib\site-packages\scipy\integrate;C:\Users\kwons\anaconda3\envs\torch_book\lib\site-packages\scipy\stats;C:\Users\kwons\anaconda3\envs\torch_book\lib\site-packages\scipy\stats\_boost;C:\Users\kwons\anaconda3\envs\torch_book\lib\site-packages\scipy\interpolate;C:\Users\kwons\anaconda3\envs\torch_book\lib\site-packages\scipy\stats\_levy_stable;C:\Users\kwons\anaconda3\envs\torch_book\lib\site-packages\scipy\_lib\_uarray;C:\Users\kwons\anaconda3\envs\torch_book\lib\site-packages\scipy\fft\_pocketfft;C:\Users\kwons\anaconda3\envs\torch_book\lib\site-packages\scipy\stats\_rcont;C:\Users\kwons\anaconda3\envs\torch_book\lib\site-packages\scipy\stats\_unuran;C:\Users\kwons\anaconda3\envs\torch_book\lib\site-packages\sklearn\utils;C:\Users\kwons\anaconda3\envs\torch_book\lib\site-packages;C:\Program Files\Amazon Corretto\jdk17.0.12_7\bin\server;C:\Program Files\Amazon Corretto\jdk17.0.12_7\bin

VM Arguments:
jvm_args: -Dfile.encoding=UTF8 -ea -Xmx1024m 
java_command: <unknown>
java_class_path (initial): C:\Users\kwons\anaconda3\envs\torch_book\Lib\site-packages\konlpy\java;C:\Users\kwons\anaconda3\envs\torch_book\Lib\site-packages\konlpy\java\bin;C:\Users\kwons\anaconda3\envs\torch_book\Lib\site-packages\konlpy\java\aho-corasick.jar;C:\Users\kwons\anaconda3\envs\torch_book\Lib\site-packages\konlpy\java\jhannanum-0.8.4.jar;C:\Users\kwons\anaconda3\envs\torch_book\Lib\site-packages\konlpy\java\kkma-2.0.jar;C:\Users\kwons\anaconda3\envs\torch_book\Lib\site-packages\konlpy\java\komoran-3.0.jar;C:\Users\kwons\anaconda3\envs\torch_book\Lib\site-packages\konlpy\java\open-korean-text-2.1.0.jar;C:\Users\kwons\anaconda3\envs\torch_book\Lib\site-packages\konlpy\java\scala-library-2.12.3.jar;C:\Users\kwons\anaconda3\envs\torch_book\Lib\site-packages\konlpy\java\shineware-common-1.0.jar;C:\Users\kwons\anaconda3\envs\torch_book\Lib\site-packages\konlpy\java\shineware-ds-1.0.jar;C:\Users\kwons\anaconda3\envs\torch_book\Lib\site-packages\konlpy\java\snakeyaml-1.12.jar;C:\Users\kwons\anaconda3\envs\torch_book\Lib\site-packages\konlpy\java\twitter-text-1.14.7.jar;C:\Users\kwons\anaconda3\envs\torch_book\Lib\site-packages\konlpy\java\jhannanum-0.8.4.jar;C:\Users\kwons\anaconda3\envs\torch_book\Lib\site-packages\konlpy\java\kkma-2.0.jar;C:\Users\kwons\anaconda3\envs\torch_book\Lib\site-packages\konlpy\java\aho-corasick.jar;C:\Users\kwons\anaconda3\envs\torch_book\Lib\site-packages\konlpy\java\shineware-common-1.0.jar;C:\Users\kwons\anaconda3\envs\torch_book\Lib\site-packages\konlpy\java\shineware-ds-1.0.jar;C:\Users\kwons\anaconda3\envs\torch_book\Lib\site-packages\konlpy\java\komoran-3.0.jar;C:\Users\kwons\anaconda3\envs\torch_book\Lib\site-packages\konlpy\java\snakeyaml-1.12.jar;C:\Users\kwons\anaconda3\envs\torch_book\Lib\site-packages\konlpy\java\scala-library-2.12.3.jar;C:\Users\kwons\anaconda3\envs\torch_book\Lib\site-packages\konlpy\java\open-korean-text-2.1.0.jar;C:\Users\kwons\anaconda3\envs\torch_book\Lib\site-packages\konlpy\java\twitter-text-1.
Launcher Type: generic

[Global flags]
     intx CICompilerCount                          = 12                                        {product} {ergonomic}
     uint ConcGCThreads                            = 3                                         {product} {ergonomic}
     uint G1ConcRefinementThreads                  = 13                                        {product} {ergonomic}
   size_t G1HeapRegionSize                         = 1048576                                   {product} {ergonomic}
    uintx GCDrainStackTargetSize                   = 64                                        {product} {ergonomic}
   size_t InitialHeapSize                          = 536870912                                 {product} {ergonomic}
   size_t MarkStackSize                            = 4194304                                   {product} {ergonomic}
   size_t MaxHeapSize                              = 1073741824                                {product} {command line}
   size_t MaxNewSize                               = 643825664                                 {product} {ergonomic}
   size_t MinHeapDeltaBytes                        = 1048576                                   {product} {ergonomic}
   size_t MinHeapSize                              = 8388608                                   {product} {ergonomic}
    uintx NonNMethodCodeHeapSize                   = 7602480                                {pd product} {ergonomic}
    uintx NonProfiledCodeHeapSize                  = 122027880                              {pd product} {ergonomic}
    uintx ProfiledCodeHeapSize                     = 122027880                              {pd product} {ergonomic}
    uintx ReservedCodeCacheSize                    = 251658240                              {pd product} {ergonomic}
     bool SegmentedCodeCache                       = true                                      {product} {ergonomic}
   size_t SoftMaxHeapSize                          = 1073741824                             {manageable} {ergonomic}
     bool UseCompressedClassPointers               = true                           {product lp64_product} {ergonomic}
     bool UseCompressedOops                        = true                           {product lp64_product} {ergonomic}
     bool UseG1GC                                  = true                                      {product} {ergonomic}
     bool UseLargePagesIndividualAllocation        = false                                  {pd product} {ergonomic}

Logging:
Log output configuration:
 #0: stdout all=warning uptime,level,tags
 #1: stderr all=off uptime,level,tags

Environment Variables:
JAVA_HOME=C:\Program Files\Amazon Corretto\jdk17.0.12_7
PATH=C:\Users\kwons\anaconda3\envs\torch_book;C:\Users\kwons\anaconda3\envs\torch_book\Library\mingw-w64\bin;C:\Users\kwons\anaconda3\envs\torch_book\Library\usr\bin;C:\Users\kwons\anaconda3\envs\torch_book\Library\bin;C:\Users\kwons\anaconda3\envs\torch_book\Scripts;C:\Users\kwons\anaconda3\envs\torch_book\bin;C:\Users\kwons\anaconda3\condabin;C:\Program Files\Common Files\Oracle\Java\javapath;C:\Program Files\NVIDIA GPU Computing Toolkit\CUDA\v12.1\bin;C:\Program Files\NVIDIA GPU Computing Toolkit\CUDA\v12.1\libnvvp;C:\Program Files\Amazon Corretto\jdk17.0.12_7\bin;C:\Program Files\Amazon Corretto\jdk17.0.12_7\bin\bin;C:\Program Files\nodejs;C:\Windows\System32;C:\WINDOWS\system32;C:\WINDOWS;C:\WINDOWS\System32\Wbem;C:\WINDOWS\System32\WindowsPowerShell\v1.0;C:\WINDOWS\System32\OpenSSH;C:\Program Files\NVIDIA Corporation\NVIDIA app\NvDLISR;C:\Program Files (x86)\NVIDIA Corporation\PhysX\Common;C:\Program Files\NVIDIA Corporation\Nsight Compute 2023.1.1;C:\Program Files\Git\cmd;C:\Users\kwons\anaconda3;C:\Users\kwons\anaconda3\Library\mingw-w64\bin;C:\Users\kwons\anaconda3\Library\usr\bin;C:\Users\kwons\anaconda3\Library\bin;C:\Users\kwons\anaconda3\Scripts;C:\Users\kwons\AppData\Local\Microsoft\WindowsApps;C:\Users\kwons\AppData\Local\Programs\Microsoft VS Code\bin;C:\Users\kwons\AppData\Local\Programs\Chia\resources\app.asar.unpacked\daemon;C:\Users\kwons\AppData\Roaming\npm;.;C:\Program Files\Common Files\Oracle\Java\javapath;C:\Program Files\NVIDIA GPU Computing Toolkit\CUDA\v12.1\bin;C:\Program Files\NVIDIA GPU Computing Toolkit\CUDA\v12.1\libnvvp;C:\Program Files\Amazon Corretto\jdk17.0.12_7\bin;C:\Program Files\Amazon Corretto\jdk17.0.12_7\bin\bin;C:\Program Files\nodejs\;C:\Windows\System32;C:\WINDOWS\system32;C:\WINDOWS;C:\WINDOWS\System32\Wbem;C:\WINDOWS\System32\WindowsPowerShell\v1.0\;C:\WINDOWS\System32\OpenSSH\;C:\Program Files\NVIDIA Corporation\NVIDIA app\NvDLISR;C:\Program Files (x86)\NVIDIA Corporation\PhysX\Common;C:\Program Files\NVIDIA Corporation
USERNAME=kwons
LANG=ko_KR.UTF-8
OS=Windows_NT
PROCESSOR_IDENTIFIER=AMD64 Family 25 Model 33 Stepping 2, AuthenticAMD
TMP=C:\Users\kwons\AppData\Local\Temp
TEMP=C:\Users\kwons\AppData\Local\Temp



Periodic native trim disabled


---------------  S Y S T E M  ---------------

OS:
 Windows 11 , 64 bit Build 26100 (10.0.26100.4484)
OS uptime: 5 days 6:27 hours

CPU: total 16 (initial active 16) (16 cores per cpu, 2 threads per core) family 25 model 33 stepping 2 microcode 0xa20120e, cx8, cmov, fxsr, ht, mmx, 3dnowpref, sse, sse2, sse3, ssse3, sse4a, sse4.1, sse4.2, popcnt, lzcnt, tsc, tscinvbit, avx, avx2, aes, erms, clmul, bmi1, bmi2, adx, sha, fma, vzeroupper, clflush, clflushopt
Processor Information for all 16 processors :
  Max Mhz: 3001, Current Mhz: 3001, Mhz Limit: 3001

Memory: 4k page, system-wide physical 32694M (16971M free)
TotalPageFile size 52898M (AvailPageFile size 30559M)
current process WorkingSet (physical memory assigned to process): 689M, peak: 746M
current process commit charge ("private bytes"): 1764M, peak: 2137M

vm_info: OpenJDK 64-Bit Server VM (17.0.12+7-LTS) for windows-amd64 JRE (17.0.12+7-LTS), built on Jul 10 2024 20:46:33 by "Administrator" with MS VC++ 16.10 / 16.11 (VS2019)

END.
